Using pre-set license
Built from '2021.3/release' branch; Version is '2021.3.12f1 (8af3c3e441b1) revision 9106371'; Using compiler version '192829333'; Build Type 'Release'
OS: 'Windows 11  (10.0.22000) 64bit Professional' Language: 'en' Physical Memory: 16085 MB
BatchMode: 1, IsHumanControllingUs: 0, StartBugReporterOnCrash: 0, Is64bit: 1, IsPro: 1

COMMAND LINE ARGUMENTS:
C:\Program Files\Unity\Hub\Editor\2021.3.12f1\Editor\Unity.exe
-adb2
-batchMode
-noUpm
-name
AssetImportWorker15
-projectPath
C:/Users/ruppe/source/repos/BlastToThePast
-logFile
Logs/AssetImportWorker15.log
-srvPort
52910
Successfully changed project path to: C:/Users/ruppe/source/repos/BlastToThePast
C:/Users/ruppe/source/repos/BlastToThePast
[UnityMemory] Configuration Parameters - Can be set up in boot.config
    "memorysetup-bucket-allocator-granularity=16"
    "memorysetup-bucket-allocator-bucket-count=8"
    "memorysetup-bucket-allocator-block-size=33554432"
    "memorysetup-bucket-allocator-block-count=8"
    "memorysetup-main-allocator-block-size=16777216"
    "memorysetup-thread-allocator-block-size=16777216"
    "memorysetup-gfx-main-allocator-block-size=16777216"
    "memorysetup-gfx-thread-allocator-block-size=16777216"
    "memorysetup-cache-allocator-block-size=4194304"
    "memorysetup-typetree-allocator-block-size=2097152"
    "memorysetup-profiler-bucket-allocator-granularity=16"
    "memorysetup-profiler-bucket-allocator-bucket-count=8"
    "memorysetup-profiler-bucket-allocator-block-size=33554432"
    "memorysetup-profiler-bucket-allocator-block-count=8"
    "memorysetup-profiler-allocator-block-size=16777216"
    "memorysetup-profiler-editor-allocator-block-size=1048576"
    "memorysetup-temp-allocator-size-main=16777216"
    "memorysetup-job-temp-allocator-block-size=2097152"
    "memorysetup-job-temp-allocator-block-size-background=1048576"
    "memorysetup-job-temp-allocator-reduction-small-platforms=262144"
    "memorysetup-temp-allocator-size-background-worker=32768"
    "memorysetup-temp-allocator-size-job-worker=262144"
    "memorysetup-temp-allocator-size-preload-manager=33554432"
    "memorysetup-temp-allocator-size-nav-mesh-worker=65536"
    "memorysetup-temp-allocator-size-audio-worker=65536"
    "memorysetup-temp-allocator-size-cloud-worker=32768"
    "memorysetup-temp-allocator-size-gi-baking-worker=262144"
    "memorysetup-temp-allocator-size-gfx=262144"
Refreshing native plugins compatible for Editor in 90.42 ms, found 3 plugins.
Preloading 0 native plugins for Editor in 0.00 ms.
Initialize engine version: 2021.3.12f1 (8af3c3e441b1)
[Subsystems] Discovering subsystems at path C:/Program Files/Unity/Hub/Editor/2021.3.12f1/Editor/Data/Resources/UnitySubsystems
[Subsystems] Discovering subsystems at path C:/Users/ruppe/source/repos/BlastToThePast/Assets
GfxDevice: creating device client; threaded=0; jobified=0
Direct3D:
    Version:  Direct3D 11.0 [level 11.1]
    Renderer: NVIDIA GeForce RTX 3080 Laptop GPU (ID=0x249c)
    Vendor:   NVIDIA
    VRAM:     16191 MB
    Driver:   31.0.15.2647
Initialize mono
Mono path[0] = 'C:/Program Files/Unity/Hub/Editor/2021.3.12f1/Editor/Data/Managed'
Mono path[1] = 'C:/Program Files/Unity/Hub/Editor/2021.3.12f1/Editor/Data/MonoBleedingEdge/lib/mono/unityjit-win32'
Mono config path = 'C:/Program Files/Unity/Hub/Editor/2021.3.12f1/Editor/Data/MonoBleedingEdge/etc'
Using monoOptions --debugger-agent=transport=dt_socket,embedding=1,server=y,suspend=n,address=127.0.0.1:56224
Begin MonoManager ReloadAssembly
Registering precompiled unity dll's ...
Register platform support module: C:/Program Files/Unity/Hub/Editor/2021.3.12f1/Editor/Data/PlaybackEngines/WindowsStandaloneSupport/UnityEditor.WindowsStandalone.Extensions.dll
Register platform support module: C:/Program Files/Unity/Hub/Editor/2021.3.12f1/Editor/Data/PlaybackEngines/MetroSupport/UnityEditor.UWP.Extensions.dll
Registered in 0.004706 seconds.
Native extension for UWP target not found
Native extension for WindowsStandalone target not found
Refreshing native plugins compatible for Editor in 97.39 ms, found 3 plugins.
Preloading 0 native plugins for Editor in 0.00 ms.
Mono: successfully reloaded assembly
- Completed reload, in  0.635 seconds
Domain Reload Profiling:
	ReloadAssembly (636ms)
		BeginReloadAssembly (65ms)
			ExecutionOrderSort (0ms)
			DisableScriptedObjects (0ms)
			BackupInstance (0ms)
			ReleaseScriptingObjects (0ms)
			CreateAndSetChildDomain (1ms)
		EndReloadAssembly (471ms)
			LoadAssemblies (63ms)
			RebuildTransferFunctionScriptingTraits (0ms)
			SetupTypeCache (97ms)
			ReleaseScriptCaches (0ms)
			RebuildScriptCaches (32ms)
			SetupLoadedEditorAssemblies (289ms)
				LogAssemblyErrors (0ms)
				InitializePlatformSupportModulesInManaged (7ms)
				SetLoadedEditorAssemblies (0ms)
				RefreshPlugins (98ms)
				BeforeProcessingInitializeOnLoad (1ms)
				ProcessInitializeOnLoadAttributes (135ms)
				ProcessInitializeOnLoadMethodAttributes (48ms)
				AfterProcessingInitializeOnLoad (0ms)
				EditorAssembliesLoaded (0ms)
			ExecutionOrderSort2 (0ms)
			AwakeInstancesAfterBackupRestoration (0ms)
Platform modules already initialized, skipping
Registering precompiled user dll's ...
Registered in 0.005024 seconds.
Begin MonoManager ReloadAssembly
Symbol file LoadedFromMemory doesn't match image C:\Users\ruppe\source\repos\BlastToThePast\Library\PackageCache\com.unity.visualscripting@1.7.8\Editor\VisualScripting.Core\Dependencies\YamlDotNet\Unity.VisualScripting.YamlDotNet.dll
Symbol file LoadedFromMemory doesn't match image C:\Users\ruppe\source\repos\BlastToThePast\Library\PackageCache\com.unity.visualscripting@1.7.8\Editor\VisualScripting.Core\Dependencies\DotNetZip\Unity.VisualScripting.IonicZip.dll
Native extension for UWP target not found
Native extension for WindowsStandalone target not found
Refreshing native plugins compatible for Editor in 0.60 ms, found 3 plugins.
Preloading 0 native plugins for Editor in 0.00 ms.
Mono: successfully reloaded assembly
- Completed reload, in  0.803 seconds
Domain Reload Profiling:
	ReloadAssembly (804ms)
		BeginReloadAssembly (89ms)
			ExecutionOrderSort (0ms)
			DisableScriptedObjects (5ms)
			BackupInstance (0ms)
			ReleaseScriptingObjects (0ms)
			CreateAndSetChildDomain (19ms)
		EndReloadAssembly (619ms)
			LoadAssemblies (59ms)
			RebuildTransferFunctionScriptingTraits (0ms)
			SetupTypeCache (206ms)
			ReleaseScriptCaches (1ms)
			RebuildScriptCaches (38ms)
			SetupLoadedEditorAssemblies (287ms)
				LogAssemblyErrors (0ms)
				InitializePlatformSupportModulesInManaged (5ms)
				SetLoadedEditorAssemblies (0ms)
				RefreshPlugins (1ms)
				BeforeProcessingInitializeOnLoad (67ms)
				ProcessInitializeOnLoadAttributes (188ms)
				ProcessInitializeOnLoadMethodAttributes (22ms)
				AfterProcessingInitializeOnLoad (5ms)
				EditorAssembliesLoaded (0ms)
			ExecutionOrderSort2 (0ms)
			AwakeInstancesAfterBackupRestoration (4ms)
Platform modules already initialized, skipping
========================================================================
Worker process is ready to serve import requests
Launched and connected shader compiler UnityShaderCompiler.exe after 0.04 seconds
Refreshing native plugins compatible for Editor in 0.54 ms, found 3 plugins.
Preloading 0 native plugins for Editor in 0.00 ms.
Unloading 3476 Unused Serialized files (Serialized files now loaded: 0)
Unloading 27 unused Assets / (113.8 KB). Loaded Objects now: 3939.
Memory consumption went from 125.7 MB to 125.6 MB.
Total: 2.382300 ms (FindLiveObjects: 0.239100 ms CreateObjectMapping: 0.082800 ms MarkObjects: 1.964700 ms  DeleteObjects: 0.095000 ms)

AssetImportParameters requested are different than current active one (requested -> active):
  custom:video-decoder-ogg-theora: a1e56fd34408186e4bbccfd4996cb3dc -> 
  custom:container-muxer-webm: aa71ff27fc2769a1b78a27578f13a17b -> 
  custom:container-demuxer-webm: 4f35f7cbe854078d1ac9338744f61a02 -> 
  custom:video-encoder-webm-vp8: eb34c28f22e8b96e1ab97ce403110664 -> 
  custom:audio-encoder-webm-vorbis: bf7c407c2cedff20999df2af8eb42d56 -> 
  custom:framework-win-MediaFoundation: 216162199b28c13a410421893ffa2e32 -> 
  custom:container-demuxer-ogg: 62fdf1f143b41e24485cea50d1cbac27 -> 
  custom:video-decoder-webm-vp8: 9c59270c3fd7afecdb556c50c9e8de78 -> 
  custom:audio-decoder-ogg-vorbis: bf7c407c2cedff20999df2af8eb42d56 -> 
========================================================================
Received Import Request.
  Time since last request: 577881.643787 seconds.
  path: Assets/JMO Assets/Cartoon FX Remaster/CFXR Prefabs/Impacts/CFXR Impact Glowing HDR (Blue).prefab
  artifactKey: Guid(6398d43fe79ea0140913dc5530c646af) Importer(815301076,1909f56bfc062723c751e8b465ee728b)
Start importing Assets/JMO Assets/Cartoon FX Remaster/CFXR Prefabs/Impacts/CFXR Impact Glowing HDR (Blue).prefab using Guid(6398d43fe79ea0140913dc5530c646af) Importer(815301076,1909f56bfc062723c751e8b465ee728b)  -> (artifact id: '55d1c379e0654523df270a25550e4a9b') in 0.159501 seconds 
========================================================================
Received Import Request.
  Time since last request: 46.472948 seconds.
  path: Assets/JMO Assets/Cartoon FX (legacy)/Materials/Animated/CFX_Anim_Triangle_AddSoft.mat
  artifactKey: Guid(944bc1016f6ac38439ec1bf04fab9550) Importer(815301076,1909f56bfc062723c751e8b465ee728b)
Start importing Assets/JMO Assets/Cartoon FX (legacy)/Materials/Animated/CFX_Anim_Triangle_AddSoft.mat using Guid(944bc1016f6ac38439ec1bf04fab9550) Importer(815301076,1909f56bfc062723c751e8b465ee728b)  -> (artifact id: 'ddacde54912a2525aa23a85b0b2763f6') in 0.038317 seconds 
========================================================================
Received Import Request.
  Time since last request: 56.530006 seconds.
  path: Assets/JMO Assets/Cartoon FX (legacy)/Materials/Light/CFX4_AuraBubble ADD.mat
  artifactKey: Guid(b701c416ffd5db94eab6dbfe25b8247e) Importer(815301076,1909f56bfc062723c751e8b465ee728b)
Start importing Assets/JMO Assets/Cartoon FX (legacy)/Materials/Light/CFX4_AuraBubble ADD.mat using Guid(b701c416ffd5db94eab6dbfe25b8247e) Importer(815301076,1909f56bfc062723c751e8b465ee728b)  -> (artifact id: '92911b2084c3e45e8a1826439113ecb8') in 0.013316 seconds 
========================================================================
Received Import Request.
  Time since last request: 5.402045 seconds.
  path: Assets/JMO Assets/Cartoon FX (legacy)/Materials/Light/CFX3_AuraRays MULT.mat
  artifactKey: Guid(63729df9e952c1f4b8fe34b9cd435a79) Importer(815301076,1909f56bfc062723c751e8b465ee728b)
Start importing Assets/JMO Assets/Cartoon FX (legacy)/Materials/Light/CFX3_AuraRays MULT.mat using Guid(63729df9e952c1f4b8fe34b9cd435a79) Importer(815301076,1909f56bfc062723c751e8b465ee728b)  -> (artifact id: 'dbd1f2e1effbf9ae2232104fc2e970c9') in 0.018664 seconds 
========================================================================
Received Import Request.
  Time since last request: 8.708398 seconds.
  path: Assets/JMO Assets/Cartoon FX (legacy)/Materials/Symbols/CFX2_Heart Add.mat
  artifactKey: Guid(c6c72eb3fd1471c489daf719f70f62aa) Importer(815301076,1909f56bfc062723c751e8b465ee728b)
Start importing Assets/JMO Assets/Cartoon FX (legacy)/Materials/Symbols/CFX2_Heart Add.mat using Guid(c6c72eb3fd1471c489daf719f70f62aa) Importer(815301076,1909f56bfc062723c751e8b465ee728b)  -> (artifact id: 'ef777a1b8800af185c8f8c6ac21d0771') in 0.019933 seconds 
========================================================================
Received Import Request.
  Time since last request: 1.203163 seconds.
  path: Assets/JMO Assets/Cartoon FX (legacy)/Materials/Symbols/CFX2_Diamond Add.mat
  artifactKey: Guid(a9b550a3d81ca7845b9fb15672984986) Importer(815301076,1909f56bfc062723c751e8b465ee728b)
Start importing Assets/JMO Assets/Cartoon FX (legacy)/Materials/Symbols/CFX2_Diamond Add.mat using Guid(a9b550a3d81ca7845b9fb15672984986) Importer(815301076,1909f56bfc062723c751e8b465ee728b)  -> (artifact id: 'cce021a0dd9c99f164c2c2cdcae7388b') in 0.019835 seconds 
========================================================================
Received Import Request.
  Time since last request: 1.224530 seconds.
  path: Assets/JMO Assets/Cartoon FX (legacy)/Materials/Symbols/CFX2_Smiley Add.mat
  artifactKey: Guid(ca6271d0f0946624484298cc419a1a9d) Importer(815301076,1909f56bfc062723c751e8b465ee728b)
Start importing Assets/JMO Assets/Cartoon FX (legacy)/Materials/Symbols/CFX2_Smiley Add.mat using Guid(ca6271d0f0946624484298cc419a1a9d) Importer(815301076,1909f56bfc062723c751e8b465ee728b)  -> (artifact id: 'bcd6d94212d2a46d4a2ffa385d47c7e0') in 0.019379 seconds 
========================================================================
Received Import Request.
  Time since last request: 0.819880 seconds.
  path: Assets/JMO Assets/Cartoon FX (legacy)/Materials/Symbols/CFX2_Star Add.mat
  artifactKey: Guid(08192a9c1c42061469892514fe447db9) Importer(815301076,1909f56bfc062723c751e8b465ee728b)
Start importing Assets/JMO Assets/Cartoon FX (legacy)/Materials/Symbols/CFX2_Star Add.mat using Guid(08192a9c1c42061469892514fe447db9) Importer(815301076,1909f56bfc062723c751e8b465ee728b)  -> (artifact id: 'c1f43e119dd30b61a9648fda80de0c9f') in 0.018580 seconds 
========================================================================
Received Import Request.
  Time since last request: 12.463392 seconds.
  path: Assets/JMO Assets/Cartoon FX (legacy)/Materials/Light/CFX3_CircleSoft ADDSOFT.mat
  artifactKey: Guid(c26f3dc2706e5764eb5100c273a349d7) Importer(815301076,1909f56bfc062723c751e8b465ee728b)
Start importing Assets/JMO Assets/Cartoon FX (legacy)/Materials/Light/CFX3_CircleSoft ADDSOFT.mat using Guid(c26f3dc2706e5764eb5100c273a349d7) Importer(815301076,1909f56bfc062723c751e8b465ee728b)  -> (artifact id: '5d460c39f4c304ab148cc520f50366dc') in 0.020374 seconds 
========================================================================
Received Import Request.
  Time since last request: 2.781788 seconds.
  path: Assets/JMO Assets/Cartoon FX (legacy)/Materials/Light/CFX3_HollowCircle ADD.mat
  artifactKey: Guid(0438adcdefc12d349a285d0ec6295fc2) Importer(815301076,1909f56bfc062723c751e8b465ee728b)
Start importing Assets/JMO Assets/Cartoon FX (legacy)/Materials/Light/CFX3_HollowCircle ADD.mat using Guid(0438adcdefc12d349a285d0ec6295fc2) Importer(815301076,1909f56bfc062723c751e8b465ee728b)  -> (artifact id: '02c29b9eb11a3b587492089ad37664de') in 0.009503 seconds 
========================================================================
Received Import Request.
  Time since last request: 4.386232 seconds.
  path: Assets/JMO Assets/Cartoon FX (legacy)/Materials/Light/CFX3_AuraRunic ADD.mat
  artifactKey: Guid(5bf91ad953f78d54baebb31d5f5ae4a5) Importer(815301076,1909f56bfc062723c751e8b465ee728b)
Start importing Assets/JMO Assets/Cartoon FX (legacy)/Materials/Light/CFX3_AuraRunic ADD.mat using Guid(5bf91ad953f78d54baebb31d5f5ae4a5) Importer(815301076,1909f56bfc062723c751e8b465ee728b)  -> (artifact id: 'd4ae765b2d4e98fcb4107a44b6ef1d86') in 0.011341 seconds 
========================================================================
Received Import Request.
  Time since last request: 1.023906 seconds.
  path: Assets/JMO Assets/Cartoon FX (legacy)/Materials/Light/CFX3_SmallRay ADDSOFT.mat
  artifactKey: Guid(d9f8ab332ba6f4a45bd1913a9ff33b10) Importer(815301076,1909f56bfc062723c751e8b465ee728b)
Start importing Assets/JMO Assets/Cartoon FX (legacy)/Materials/Light/CFX3_SmallRay ADDSOFT.mat using Guid(d9f8ab332ba6f4a45bd1913a9ff33b10) Importer(815301076,1909f56bfc062723c751e8b465ee728b)  -> (artifact id: '756eb3eaddcb779f0e4239326cf22f7a') in 0.009591 seconds 
========================================================================
Received Import Request.
  Time since last request: 0.731034 seconds.
  path: Assets/JMO Assets/Cartoon FX (legacy)/Materials/Water/CFX_Ripple_AddSoft.mat
  artifactKey: Guid(aae5c8d1fd84746428a2239fd95e4b98) Importer(815301076,1909f56bfc062723c751e8b465ee728b)
Start importing Assets/JMO Assets/Cartoon FX (legacy)/Materials/Water/CFX_Ripple_AddSoft.mat using Guid(aae5c8d1fd84746428a2239fd95e4b98) Importer(815301076,1909f56bfc062723c751e8b465ee728b)  -> (artifact id: 'e10a76fa3ba63b737744bf7294c5d3f6') in 0.022006 seconds 
========================================================================
Received Import Request.
  Time since last request: 7.248434 seconds.
  path: Assets/JMO Assets/Cartoon FX (legacy)/Materials/Misc/CFX_Smoke_4frms.mat
  artifactKey: Guid(3217b570b11b257469c5461f0457e5d4) Importer(815301076,1909f56bfc062723c751e8b465ee728b)
Start importing Assets/JMO Assets/Cartoon FX (legacy)/Materials/Misc/CFX_Smoke_4frms.mat using Guid(3217b570b11b257469c5461f0457e5d4) Importer(815301076,1909f56bfc062723c751e8b465ee728b)  -> (artifact id: '067e5cb80165d4e7fa70b901e9b2aa79') in 0.012190 seconds 
========================================================================
Received Import Request.
  Time since last request: 1.440105 seconds.
  path: Assets/JMO Assets/Cartoon FX (legacy)/Materials/Stretched/CFX_RayRounded.mat
  artifactKey: Guid(7cd73ef8e5a31a244a672ae32c0f6ddb) Importer(815301076,1909f56bfc062723c751e8b465ee728b)
Start importing Assets/JMO Assets/Cartoon FX (legacy)/Materials/Stretched/CFX_RayRounded.mat using Guid(7cd73ef8e5a31a244a672ae32c0f6ddb) Importer(815301076,1909f56bfc062723c751e8b465ee728b)  -> (artifact id: 'ff959f362fae75e2e59643e17f9e4f0c') in 0.016451 seconds 
========================================================================
Received Import Request.
  Time since last request: 1.729275 seconds.
  path: Assets/JMO Assets/Cartoon FX (legacy)/Materials/Animated/CFX_Anim_Poof_Add.mat
  artifactKey: Guid(e3d4119c3e4597d4b90fc27f1419ca4b) Importer(815301076,1909f56bfc062723c751e8b465ee728b)
Start importing Assets/JMO Assets/Cartoon FX (legacy)/Materials/Animated/CFX_Anim_Poof_Add.mat using Guid(e3d4119c3e4597d4b90fc27f1419ca4b) Importer(815301076,1909f56bfc062723c751e8b465ee728b)  -> (artifact id: 'e55a0182c97ead9bf5383e28b6352885') in 0.018033 seconds 
========================================================================
Received Import Request.
  Time since last request: 0.862995 seconds.
  path: Assets/JMO Assets/Cartoon FX (legacy)/Materials/Misc/CFX_Tornado.mat
  artifactKey: Guid(d31773cd67ef98d44a63900e5bf368e8) Importer(815301076,1909f56bfc062723c751e8b465ee728b)
Start importing Assets/JMO Assets/Cartoon FX (legacy)/Materials/Misc/CFX_Tornado.mat using Guid(d31773cd67ef98d44a63900e5bf368e8) Importer(815301076,1909f56bfc062723c751e8b465ee728b)  -> (artifact id: 'd87a37f93f4b3fafc4ebff43bf160a52') in 0.008544 seconds 
========================================================================
Received Import Request.
  Time since last request: 3.381488 seconds.
  path: Assets/JMO Assets/Cartoon FX (legacy)/Materials/Stretched/CFX_SmallSpike_AddSoft.mat
  artifactKey: Guid(4915fef45fefdd14d99dae19165b8a87) Importer(815301076,1909f56bfc062723c751e8b465ee728b)
Start importing Assets/JMO Assets/Cartoon FX (legacy)/Materials/Stretched/CFX_SmallSpike_AddSoft.mat using Guid(4915fef45fefdd14d99dae19165b8a87) Importer(815301076,1909f56bfc062723c751e8b465ee728b)  -> (artifact id: 'c6c99a7598660e4e8345530b28a32a60') in 0.009615 seconds 
========================================================================
Received Import Request.
  Time since last request: 6.982331 seconds.
  path: Assets/JMO Assets/Cartoon FX (legacy)/Materials/Light/CFX3_RayStraight ADD.mat
  artifactKey: Guid(695873166113ab64997efed81c2426c7) Importer(815301076,1909f56bfc062723c751e8b465ee728b)
Start importing Assets/JMO Assets/Cartoon FX (legacy)/Materials/Light/CFX3_RayStraight ADD.mat using Guid(695873166113ab64997efed81c2426c7) Importer(815301076,1909f56bfc062723c751e8b465ee728b)  -> (artifact id: '585a214b5775ec9848aac10930fd6698') in 0.017739 seconds 
========================================================================
Received Import Request.
  Time since last request: 6.042431 seconds.
  path: Assets/JMO Assets/Cartoon FX (legacy)/Materials/Misc/CFX4_Anim_WiggleLine Add.mat
  artifactKey: Guid(399e2b3ed7a51a34aa2171ddcc535cb2) Importer(815301076,1909f56bfc062723c751e8b465ee728b)
Start importing Assets/JMO Assets/Cartoon FX (legacy)/Materials/Misc/CFX4_Anim_WiggleLine Add.mat using Guid(399e2b3ed7a51a34aa2171ddcc535cb2) Importer(815301076,1909f56bfc062723c751e8b465ee728b)  -> (artifact id: 'af93c936f6d471d4115db803b7183382') in 0.009468 seconds 
========================================================================
Received Import Request.
  Time since last request: 18.108157 seconds.
  path: Assets/Materials/m_barriers.mat
  artifactKey: Guid(6d766915686203b45b67b960083dc34e) Importer(815301076,1909f56bfc062723c751e8b465ee728b)
Start importing Assets/Materials/m_barriers.mat using Guid(6d766915686203b45b67b960083dc34e) Importer(815301076,1909f56bfc062723c751e8b465ee728b)  -> (artifact id: '379729916e9c21a25f452197a3ee9e09') in 0.012759 seconds 
========================================================================
Received Import Request.
  Time since last request: 0.000017 seconds.
  path: Assets/Materials/m_floor.mat
  artifactKey: Guid(0ff887c3506c7f54ab08bf4304ac31af) Importer(815301076,1909f56bfc062723c751e8b465ee728b)
Start importing Assets/Materials/m_floor.mat using Guid(0ff887c3506c7f54ab08bf4304ac31af) Importer(815301076,1909f56bfc062723c751e8b465ee728b)  -> (artifact id: '4784c0039fa21e63a1424e5fed86740a') in 0.009683 seconds 
========================================================================
Received Prepare
Registering precompiled user dll's ...
Registered in 0.004117 seconds.
Begin MonoManager ReloadAssembly
Symbol file LoadedFromMemory doesn't match image C:\Users\ruppe\source\repos\BlastToThePast\Library\PackageCache\com.unity.visualscripting@1.7.8\Editor\VisualScripting.Core\Dependencies\YamlDotNet\Unity.VisualScripting.YamlDotNet.dll
Symbol file LoadedFromMemory doesn't match image C:\Users\ruppe\source\repos\BlastToThePast\Library\PackageCache\com.unity.visualscripting@1.7.8\Editor\VisualScripting.Core\Dependencies\DotNetZip\Unity.VisualScripting.IonicZip.dll
Native extension for UWP target not found
Native extension for WindowsStandalone target not found
Refreshing native plugins compatible for Editor in 0.76 ms, found 3 plugins.
Preloading 0 native plugins for Editor in 0.00 ms.
Mono: successfully reloaded assembly
- Completed reload, in  0.840 seconds
Domain Reload Profiling:
	ReloadAssembly (841ms)
		BeginReloadAssembly (117ms)
			ExecutionOrderSort (0ms)
			DisableScriptedObjects (4ms)
			BackupInstance (0ms)
			ReleaseScriptingObjects (0ms)
			CreateAndSetChildDomain (33ms)
		EndReloadAssembly (648ms)
			LoadAssemblies (64ms)
			RebuildTransferFunctionScriptingTraits (0ms)
			SetupTypeCache (212ms)
			ReleaseScriptCaches (2ms)
			RebuildScriptCaches (37ms)
			SetupLoadedEditorAssemblies (293ms)
				LogAssemblyErrors (0ms)
				InitializePlatformSupportModulesInManaged (12ms)
				SetLoadedEditorAssemblies (1ms)
				RefreshPlugins (1ms)
				BeforeProcessingInitializeOnLoad (61ms)
				ProcessInitializeOnLoadAttributes (187ms)
				ProcessInitializeOnLoadMethodAttributes (26ms)
				AfterProcessingInitializeOnLoad (5ms)
				EditorAssembliesLoaded (0ms)
			ExecutionOrderSort2 (0ms)
			AwakeInstancesAfterBackupRestoration (5ms)
Platform modules already initialized, skipping
Refreshing native plugins compatible for Editor in 1.57 ms, found 3 plugins.
Preloading 0 native plugins for Editor in 0.00 ms.
Unloading 3451 Unused Serialized files (Serialized files now loaded: 0)
Unloading 20 unused Assets / (80.3 KB). Loaded Objects now: 3983.
Memory consumption went from 128.2 MB to 128.2 MB.
Total: 2.417600 ms (FindLiveObjects: 0.245400 ms CreateObjectMapping: 0.085800 ms MarkObjects: 2.007100 ms  DeleteObjects: 0.078600 ms)

AssetImportParameters requested are different than current active one (requested -> active):
  custom:video-decoder-ogg-theora: a1e56fd34408186e4bbccfd4996cb3dc -> 
  custom:container-muxer-webm: aa71ff27fc2769a1b78a27578f13a17b -> 
  custom:container-demuxer-webm: 4f35f7cbe854078d1ac9338744f61a02 -> 
  custom:video-encoder-webm-vp8: eb34c28f22e8b96e1ab97ce403110664 -> 
  custom:audio-encoder-webm-vorbis: bf7c407c2cedff20999df2af8eb42d56 -> 
  custom:framework-win-MediaFoundation: 216162199b28c13a410421893ffa2e32 -> 
  custom:container-demuxer-ogg: 62fdf1f143b41e24485cea50d1cbac27 -> 
  custom:video-decoder-webm-vp8: 9c59270c3fd7afecdb556c50c9e8de78 -> 
  custom:audio-decoder-ogg-vorbis: bf7c407c2cedff20999df2af8eb42d56 -> 
========================================================================
Received Prepare
Registering precompiled user dll's ...
Registered in 0.003887 seconds.
Begin MonoManager ReloadAssembly
Symbol file LoadedFromMemory doesn't match image C:\Users\ruppe\source\repos\BlastToThePast\Library\PackageCache\com.unity.visualscripting@1.7.8\Editor\VisualScripting.Core\Dependencies\YamlDotNet\Unity.VisualScripting.YamlDotNet.dll
Symbol file LoadedFromMemory doesn't match image C:\Users\ruppe\source\repos\BlastToThePast\Library\PackageCache\com.unity.visualscripting@1.7.8\Editor\VisualScripting.Core\Dependencies\DotNetZip\Unity.VisualScripting.IonicZip.dll
Native extension for UWP target not found
Native extension for WindowsStandalone target not found
Refreshing native plugins compatible for Editor in 0.88 ms, found 3 plugins.
Preloading 0 native plugins for Editor in 0.00 ms.
Mono: successfully reloaded assembly
- Completed reload, in  0.837 seconds
Domain Reload Profiling:
	ReloadAssembly (838ms)
		BeginReloadAssembly (105ms)
			ExecutionOrderSort (0ms)
			DisableScriptedObjects (5ms)
			BackupInstance (0ms)
			ReleaseScriptingObjects (0ms)
			CreateAndSetChildDomain (32ms)
		EndReloadAssembly (658ms)
			LoadAssemblies (60ms)
			RebuildTransferFunctionScriptingTraits (0ms)
			SetupTypeCache (219ms)
			ReleaseScriptCaches (1ms)
			RebuildScriptCaches (38ms)
			SetupLoadedEditorAssemblies (296ms)
				LogAssemblyErrors (0ms)
				InitializePlatformSupportModulesInManaged (13ms)
				SetLoadedEditorAssemblies (0ms)
				RefreshPlugins (1ms)
				BeforeProcessingInitializeOnLoad (62ms)
				ProcessInitializeOnLoadAttributes (190ms)
				ProcessInitializeOnLoadMethodAttributes (25ms)
				AfterProcessingInitializeOnLoad (6ms)
				EditorAssembliesLoaded (0ms)
			ExecutionOrderSort2 (0ms)
			AwakeInstancesAfterBackupRestoration (6ms)
Platform modules already initialized, skipping
Refreshing native plugins compatible for Editor in 2.07 ms, found 3 plugins.
Preloading 0 native plugins for Editor in 0.00 ms.
Unloading 3451 Unused Serialized files (Serialized files now loaded: 0)
Unloading 20 unused Assets / (80.4 KB). Loaded Objects now: 3986.
Memory consumption went from 128.2 MB to 128.1 MB.
Total: 2.465500 ms (FindLiveObjects: 0.224200 ms CreateObjectMapping: 0.081100 ms MarkObjects: 2.063100 ms  DeleteObjects: 0.096200 ms)

AssetImportParameters requested are different than current active one (requested -> active):
  custom:video-decoder-ogg-theora: a1e56fd34408186e4bbccfd4996cb3dc -> 
  custom:container-muxer-webm: aa71ff27fc2769a1b78a27578f13a17b -> 
  custom:container-demuxer-webm: 4f35f7cbe854078d1ac9338744f61a02 -> 
  custom:video-encoder-webm-vp8: eb34c28f22e8b96e1ab97ce403110664 -> 
  custom:audio-encoder-webm-vorbis: bf7c407c2cedff20999df2af8eb42d56 -> 
  custom:framework-win-MediaFoundation: 216162199b28c13a410421893ffa2e32 -> 
  custom:container-demuxer-ogg: 62fdf1f143b41e24485cea50d1cbac27 -> 
  custom:video-decoder-webm-vp8: 9c59270c3fd7afecdb556c50c9e8de78 -> 
  custom:audio-decoder-ogg-vorbis: bf7c407c2cedff20999df2af8eb42d56 -> 
