Using pre-set license
Built from '2021.3/release' branch; Version is '2021.3.12f1 (8af3c3e441b1) revision 9106371'; Using compiler version '192829333'; Build Type 'Release'
OS: 'Windows 10  (10.0.19044) 64bit Professional' Language: 'en' Physical Memory: 16085 MB
BatchMode: 1, IsHumanControllingUs: 0, StartBugReporterOnCrash: 0, Is64bit: 1, IsPro: 1

COMMAND LINE ARGUMENTS:
C:\Program Files\Unity\Hub\Editor\2021.3.12f1\Editor\Unity.exe
-adb2
-batchMode
-noUpm
-name
AssetImportWorker9
-projectPath
C:/Users/mrtlc/Desktop/Portfolio2 - FSO/BlastToThePast
-logFile
Logs/AssetImportWorker9.log
-srvPort
54365
Successfully changed project path to: C:/Users/mrtlc/Desktop/Portfolio2 - FSO/BlastToThePast
C:/Users/mrtlc/Desktop/Portfolio2 - FSO/BlastToThePast
[UnityMemory] Configuration Parameters - Can be set up in boot.config
    "memorysetup-bucket-allocator-granularity=16"
    "memorysetup-bucket-allocator-bucket-count=8"
    "memorysetup-bucket-allocator-block-size=33554432"
    "memorysetup-bucket-allocator-block-count=8"
    "memorysetup-main-allocator-block-size=16777216"
    "memorysetup-thread-allocator-block-size=16777216"
    "memorysetup-gfx-main-allocator-block-size=16777216"
    "memorysetup-gfx-thread-allocator-block-size=16777216"
    "memorysetup-cache-allocator-block-size=4194304"
    "memorysetup-typetree-allocator-block-size=2097152"
    "memorysetup-profiler-bucket-allocator-granularity=16"
    "memorysetup-profiler-bucket-allocator-bucket-count=8"
    "memorysetup-profiler-bucket-allocator-block-size=33554432"
    "memorysetup-profiler-bucket-allocator-block-count=8"
    "memorysetup-profiler-allocator-block-size=16777216"
    "memorysetup-profiler-editor-allocator-block-size=1048576"
    "memorysetup-temp-allocator-size-main=16777216"
    "memorysetup-job-temp-allocator-block-size=2097152"
    "memorysetup-job-temp-allocator-block-size-background=1048576"
    "memorysetup-job-temp-allocator-reduction-small-platforms=262144"
    "memorysetup-temp-allocator-size-background-worker=32768"
    "memorysetup-temp-allocator-size-job-worker=262144"
    "memorysetup-temp-allocator-size-preload-manager=33554432"
    "memorysetup-temp-allocator-size-nav-mesh-worker=65536"
    "memorysetup-temp-allocator-size-audio-worker=65536"
    "memorysetup-temp-allocator-size-cloud-worker=32768"
    "memorysetup-temp-allocator-size-gi-baking-worker=262144"
    "memorysetup-temp-allocator-size-gfx=262144"
Refreshing native plugins compatible for Editor in 104.85 ms, found 3 plugins.
Preloading 0 native plugins for Editor in 0.00 ms.
Initialize engine version: 2021.3.12f1 (8af3c3e441b1)
[Subsystems] Discovering subsystems at path C:/Program Files/Unity/Hub/Editor/2021.3.12f1/Editor/Data/Resources/UnitySubsystems
[Subsystems] Discovering subsystems at path C:/Users/mrtlc/Desktop/Portfolio2 - FSO/BlastToThePast/Assets
GfxDevice: creating device client; threaded=0; jobified=0
Direct3D:
    Version:  Direct3D 11.0 [level 11.1]
    Renderer: NVIDIA GeForce RTX 3080 Laptop GPU (ID=0x249c)
    Vendor:   NVIDIA
    VRAM:     16201 MB
    Driver:   30.0.14.7288
Initialize mono
Mono path[0] = 'C:/Program Files/Unity/Hub/Editor/2021.3.12f1/Editor/Data/Managed'
Mono path[1] = 'C:/Program Files/Unity/Hub/Editor/2021.3.12f1/Editor/Data/MonoBleedingEdge/lib/mono/unityjit-win32'
Mono config path = 'C:/Program Files/Unity/Hub/Editor/2021.3.12f1/Editor/Data/MonoBleedingEdge/etc'
Using monoOptions --debugger-agent=transport=dt_socket,embedding=1,server=y,suspend=n,address=127.0.0.1:56540
Begin MonoManager ReloadAssembly
Registering precompiled unity dll's ...
Register platform support module: C:/Program Files/Unity/Hub/Editor/2021.3.12f1/Editor/Data/PlaybackEngines/WindowsStandaloneSupport/UnityEditor.WindowsStandalone.Extensions.dll
Registered in 0.008427 seconds.
Native extension for WindowsStandalone target not found
Refreshing native plugins compatible for Editor in 82.19 ms, found 3 plugins.
Preloading 0 native plugins for Editor in 0.00 ms.
Mono: successfully reloaded assembly
- Completed reload, in  0.638 seconds
Domain Reload Profiling:
	ReloadAssembly (638ms)
		BeginReloadAssembly (101ms)
			ExecutionOrderSort (0ms)
			DisableScriptedObjects (0ms)
			BackupInstance (0ms)
			ReleaseScriptingObjects (0ms)
			CreateAndSetChildDomain (1ms)
		EndReloadAssembly (408ms)
			LoadAssemblies (98ms)
			RebuildTransferFunctionScriptingTraits (0ms)
			SetupTypeCache (92ms)
			ReleaseScriptCaches (0ms)
			RebuildScriptCaches (23ms)
			SetupLoadedEditorAssemblies (249ms)
				LogAssemblyErrors (0ms)
				InitializePlatformSupportModulesInManaged (7ms)
				SetLoadedEditorAssemblies (0ms)
				RefreshPlugins (82ms)
				BeforeProcessingInitializeOnLoad (1ms)
				ProcessInitializeOnLoadAttributes (119ms)
				ProcessInitializeOnLoadMethodAttributes (39ms)
				AfterProcessingInitializeOnLoad (0ms)
				EditorAssembliesLoaded (0ms)
			ExecutionOrderSort2 (0ms)
			AwakeInstancesAfterBackupRestoration (0ms)
Platform modules already initialized, skipping
Registering precompiled user dll's ...
Registered in 0.005819 seconds.
Begin MonoManager ReloadAssembly
Symbol file LoadedFromMemory doesn't match image C:\Users\mrtlc\Desktop\Portfolio2 - FSO\BlastToThePast\Library\PackageCache\com.unity.visualscripting@1.7.8\Editor\VisualScripting.Core\Dependencies\YamlDotNet\Unity.VisualScripting.YamlDotNet.dll
Symbol file LoadedFromMemory doesn't match image C:\Users\mrtlc\Desktop\Portfolio2 - FSO\BlastToThePast\Library\PackageCache\com.unity.visualscripting@1.7.8\Editor\VisualScripting.Core\Dependencies\DotNetZip\Unity.VisualScripting.IonicZip.dll
Native extension for WindowsStandalone target not found
Refreshing native plugins compatible for Editor in 0.95 ms, found 3 plugins.
Preloading 0 native plugins for Editor in 0.00 ms.
Mono: successfully reloaded assembly
- Completed reload, in  0.909 seconds
Domain Reload Profiling:
	ReloadAssembly (910ms)
		BeginReloadAssembly (96ms)
			ExecutionOrderSort (0ms)
			DisableScriptedObjects (5ms)
			BackupInstance (0ms)
			ReleaseScriptingObjects (0ms)
			CreateAndSetChildDomain (18ms)
		EndReloadAssembly (715ms)
			LoadAssemblies (68ms)
			RebuildTransferFunctionScriptingTraits (0ms)
			SetupTypeCache (227ms)
			ReleaseScriptCaches (1ms)
			RebuildScriptCaches (50ms)
			SetupLoadedEditorAssemblies (332ms)
				LogAssemblyErrors (0ms)
				InitializePlatformSupportModulesInManaged (5ms)
				SetLoadedEditorAssemblies (1ms)
				RefreshPlugins (1ms)
				BeforeProcessingInitializeOnLoad (81ms)
				ProcessInitializeOnLoadAttributes (209ms)
				ProcessInitializeOnLoadMethodAttributes (28ms)
				AfterProcessingInitializeOnLoad (7ms)
				EditorAssembliesLoaded (0ms)
			ExecutionOrderSort2 (0ms)
			AwakeInstancesAfterBackupRestoration (5ms)
Platform modules already initialized, skipping
========================================================================
Worker process is ready to serve import requests
Launched and connected shader compiler UnityShaderCompiler.exe after 0.03 seconds
Refreshing native plugins compatible for Editor in 0.72 ms, found 3 plugins.
Preloading 0 native plugins for Editor in 0.00 ms.
Unloading 3484 Unused Serialized files (Serialized files now loaded: 0)
Unloading 27 unused Assets / (113.7 KB). Loaded Objects now: 3947.
Memory consumption went from 125.9 MB to 125.8 MB.
Total: 2.612900 ms (FindLiveObjects: 0.264800 ms CreateObjectMapping: 0.123100 ms MarkObjects: 2.119300 ms  DeleteObjects: 0.104900 ms)

AssetImportParameters requested are different than current active one (requested -> active):
  custom:video-decoder-ogg-theora: a1e56fd34408186e4bbccfd4996cb3dc -> 
  custom:container-muxer-webm: aa71ff27fc2769a1b78a27578f13a17b -> 
  custom:container-demuxer-webm: 4f35f7cbe854078d1ac9338744f61a02 -> 
  custom:video-encoder-webm-vp8: eb34c28f22e8b96e1ab97ce403110664 -> 
  custom:audio-encoder-webm-vorbis: bf7c407c2cedff20999df2af8eb42d56 -> 
  custom:framework-win-MediaFoundation: 216162199b28c13a410421893ffa2e32 -> 
  custom:container-demuxer-ogg: 62fdf1f143b41e24485cea50d1cbac27 -> 
  custom:video-decoder-webm-vp8: 9c59270c3fd7afecdb556c50c9e8de78 -> 
  custom:audio-decoder-ogg-vorbis: bf7c407c2cedff20999df2af8eb42d56 -> 
========================================================================
Received Import Request.
  Time since last request: 1402260.447431 seconds.
  path: Assets/JMO Assets/Cartoon FX Remaster/CFXR Assets/Meshes/cfxr mesh star6.fbx
  artifactKey: Guid(04eb6fb558fc96e408adfdc22a919448) Importer(815301076,1909f56bfc062723c751e8b465ee728b)
Start importing Assets/JMO Assets/Cartoon FX Remaster/CFXR Assets/Meshes/cfxr mesh star6.fbx using Guid(04eb6fb558fc96e408adfdc22a919448) Importer(815301076,1909f56bfc062723c751e8b465ee728b)  -> (artifact id: '16e9039247e1a57beb04a3590f8083b9') in 0.134884 seconds 
========================================================================
Received Import Request.
  Time since last request: 0.000026 seconds.
  path: Assets/JMO Assets/Cartoon FX Remaster/CFXR Assets/Meshes/cfxr ring mesh half.asset
  artifactKey: Guid(ce103771ce3690f4c89d46b35e47d417) Importer(815301076,1909f56bfc062723c751e8b465ee728b)
Start importing Assets/JMO Assets/Cartoon FX Remaster/CFXR Assets/Meshes/cfxr ring mesh half.asset using Guid(ce103771ce3690f4c89d46b35e47d417) Importer(815301076,1909f56bfc062723c751e8b465ee728b)  -> (artifact id: '133ecc57557938c3b485082b2e233f87') in 0.019173 seconds 
========================================================================
Received Import Request.
  Time since last request: 0.000032 seconds.
  path: Assets/JMO Assets/Cartoon FX Remaster/CFXR Assets/Meshes/cfxr particle_electric_arc.fbx
  artifactKey: Guid(192a51b0671a3e949b6876606c3205db) Importer(815301076,1909f56bfc062723c751e8b465ee728b)
Start importing Assets/JMO Assets/Cartoon FX Remaster/CFXR Assets/Meshes/cfxr particle_electric_arc.fbx using Guid(192a51b0671a3e949b6876606c3205db) Importer(815301076,1909f56bfc062723c751e8b465ee728b)  -> (artifact id: 'c02405ad07cfdaad603cc896536de153') in 0.045064 seconds 
========================================================================
Received Import Request.
  Time since last request: 0.000040 seconds.
  path: Assets/Models/Space Kit/FBX format/corridor_cornerRoundWindow.fbx
  artifactKey: Guid(177d1f2e4031f624c9f76977fdaefee0) Importer(815301076,1909f56bfc062723c751e8b465ee728b)
Start importing Assets/Models/Space Kit/FBX format/corridor_cornerRoundWindow.fbx using Guid(177d1f2e4031f624c9f76977fdaefee0) Importer(815301076,1909f56bfc062723c751e8b465ee728b)  -> (artifact id: 'd8e7d60df8c85ab7550cc53f0c224c7b') in 0.057565 seconds 
========================================================================
Received Import Request.
  Time since last request: 0.000020 seconds.
  path: Assets/Models/Space Kit/FBX format/chimney_detailed.fbx
  artifactKey: Guid(2903f4a81f1b53b42b18d7b82e6155a7) Importer(815301076,1909f56bfc062723c751e8b465ee728b)
Start importing Assets/Models/Space Kit/FBX format/chimney_detailed.fbx using Guid(2903f4a81f1b53b42b18d7b82e6155a7) Importer(815301076,1909f56bfc062723c751e8b465ee728b)  -> (artifact id: '0ee543583e02cac99b618a6816cf2f1a') in 0.034586 seconds 
========================================================================
Received Import Request.
  Time since last request: 0.000022 seconds.
  path: Assets/Models/Space Kit/FBX format/chimney.fbx
  artifactKey: Guid(df054e4df01a96b4da22a62d11481570) Importer(815301076,1909f56bfc062723c751e8b465ee728b)
Start importing Assets/Models/Space Kit/FBX format/chimney.fbx using Guid(df054e4df01a96b4da22a62d11481570) Importer(815301076,1909f56bfc062723c751e8b465ee728b)  -> (artifact id: '20bf6930af319d5ad934ce0927cce22a') in 0.029789 seconds 
========================================================================
Received Import Request.
  Time since last request: 0.000020 seconds.
  path: Assets/JMO Assets/Cartoon FX Remaster/CFXR Assets/Meshes/cfxr ring mesh local space smoother.asset
  artifactKey: Guid(72b4aba81b7370a4e966fe9b365b8b19) Importer(815301076,1909f56bfc062723c751e8b465ee728b)
Start importing Assets/JMO Assets/Cartoon FX Remaster/CFXR Assets/Meshes/cfxr ring mesh local space smoother.asset using Guid(72b4aba81b7370a4e966fe9b365b8b19) Importer(815301076,1909f56bfc062723c751e8b465ee728b)  -> (artifact id: '1d196b35bc89b8baaafe15cb29e3ab93') in 0.017949 seconds 
========================================================================
Received Import Request.
  Time since last request: 0.603792 seconds.
  path: Assets/Models/Space Kit/FBX format/corridor_end.fbx
  artifactKey: Guid(29fcc93ead811b040a1866b3579ec389) Importer(815301076,1909f56bfc062723c751e8b465ee728b)
Start importing Assets/Models/Space Kit/FBX format/corridor_end.fbx using Guid(29fcc93ead811b040a1866b3579ec389) Importer(815301076,1909f56bfc062723c751e8b465ee728b)  -> (artifact id: '212cf2064204acdc50cc9752115161c5') in 0.031101 seconds 
========================================================================
Received Import Request.
  Time since last request: 0.000024 seconds.
  path: Assets/Models/Space Kit/FBX format/crater.fbx
  artifactKey: Guid(c1fd7bd3ce46f1249a3f1e7ca604cfc1) Importer(815301076,1909f56bfc062723c751e8b465ee728b)
Start importing Assets/Models/Space Kit/FBX format/crater.fbx using Guid(c1fd7bd3ce46f1249a3f1e7ca604cfc1) Importer(815301076,1909f56bfc062723c751e8b465ee728b)  -> (artifact id: '1efb5882c88afbfc8b44be76e99f5beb') in 0.023045 seconds 
========================================================================
Received Import Request.
  Time since last request: 0.000032 seconds.
  path: Assets/Models/Space Kit/FBX format/craterLarge.fbx
  artifactKey: Guid(45f9903649719a1479f7adbf74549bdb) Importer(815301076,1909f56bfc062723c751e8b465ee728b)
Start importing Assets/Models/Space Kit/FBX format/craterLarge.fbx using Guid(45f9903649719a1479f7adbf74549bdb) Importer(815301076,1909f56bfc062723c751e8b465ee728b)  -> (artifact id: '0da81e67b2dd06ea237fb1b5070c3346') in 0.025339 seconds 
========================================================================
Received Import Request.
  Time since last request: 0.000027 seconds.
  path: Assets/RPG Swords/cutter02.FBX
  artifactKey: Guid(a79a4b1e85d48274ba1c146f69249f19) Importer(815301076,1909f56bfc062723c751e8b465ee728b)
Start importing Assets/RPG Swords/cutter02.FBX using Guid(a79a4b1e85d48274ba1c146f69249f19) Importer(815301076,1909f56bfc062723c751e8b465ee728b)  -> (artifact id: 'a8abc7b5404c98cc27d44460afba0bb2') in 0.105294 seconds 
========================================================================
Received Import Request.
  Time since last request: 0.000023 seconds.
  path: Assets/Models/Commercial City Kit/FBX format/detail_overhangWide.fbx
  artifactKey: Guid(023209eca5a0eb34d971c72c1685d6c7) Importer(815301076,1909f56bfc062723c751e8b465ee728b)
Start importing Assets/Models/Commercial City Kit/FBX format/detail_overhangWide.fbx using Guid(023209eca5a0eb34d971c72c1685d6c7) Importer(815301076,1909f56bfc062723c751e8b465ee728b)  -> (artifact id: '2f71778368d153ad2646c790d62951a5') in 0.027893 seconds 
========================================================================
Received Import Request.
  Time since last request: 0.000026 seconds.
  path: Assets/Models/Space Kit/FBX format/corridor_windowClosed.fbx
  artifactKey: Guid(5348846f839415145b7a7e500de7f3be) Importer(815301076,1909f56bfc062723c751e8b465ee728b)
Start importing Assets/Models/Space Kit/FBX format/corridor_windowClosed.fbx using Guid(5348846f839415145b7a7e500de7f3be) Importer(815301076,1909f56bfc062723c751e8b465ee728b)  -> (artifact id: 'db3d45cfed5bea763ee73f259db3aea7') in 0.033312 seconds 
========================================================================
Received Import Request.
  Time since last request: 0.000055 seconds.
  path: Assets/Models/Space Kit/FBX format/corridor_window.fbx
  artifactKey: Guid(404e6b89f79a6294d819e92e99424700) Importer(815301076,1909f56bfc062723c751e8b465ee728b)
Start importing Assets/Models/Space Kit/FBX format/corridor_window.fbx using Guid(404e6b89f79a6294d819e92e99424700) Importer(815301076,1909f56bfc062723c751e8b465ee728b)  -> (artifact id: 'a6a246e7b271b95fcab45e2e349be2c5') in 0.033722 seconds 
========================================================================
Received Import Request.
  Time since last request: 0.000034 seconds.
  path: Assets/Models/Commercial City Kit/FBX format/detail_awning.fbx
  artifactKey: Guid(bb174f50b196a4f4c91d7944baa6472a) Importer(815301076,1909f56bfc062723c751e8b465ee728b)
Start importing Assets/Models/Commercial City Kit/FBX format/detail_awning.fbx using Guid(bb174f50b196a4f4c91d7944baa6472a) Importer(815301076,1909f56bfc062723c751e8b465ee728b)  -> (artifact id: '7a35d1ce3be080656a8c5c56422af1f9') in 0.032812 seconds 
========================================================================
Received Import Request.
  Time since last request: 0.000022 seconds.
  path: Assets/Models/Commercial City Kit/FBX format/detail_overhang.fbx
  artifactKey: Guid(3bb90cf18e29fe244848141332cefe84) Importer(815301076,1909f56bfc062723c751e8b465ee728b)
Start importing Assets/Models/Commercial City Kit/FBX format/detail_overhang.fbx using Guid(3bb90cf18e29fe244848141332cefe84) Importer(815301076,1909f56bfc062723c751e8b465ee728b)  -> (artifact id: '606e50bcc9d8a0ea48c8dd2a86b41fcf') in 0.028207 seconds 
========================================================================
Received Import Request.
  Time since last request: 0.000024 seconds.
  path: Assets/Models/Space Kit/FBX format/desk_chairArms.fbx
  artifactKey: Guid(03b6948d92c900641af39463b701237d) Importer(815301076,1909f56bfc062723c751e8b465ee728b)
Start importing Assets/Models/Space Kit/FBX format/desk_chairArms.fbx using Guid(03b6948d92c900641af39463b701237d) Importer(815301076,1909f56bfc062723c751e8b465ee728b)  -> (artifact id: '7e76c0175cac11b4ac691220023132fe') in 0.030579 seconds 
========================================================================
Received Import Request.
  Time since last request: 0.000043 seconds.
  path: Assets/RPG Swords/cutter01.FBX
  artifactKey: Guid(5b6a76c08928d1940a2a12754f822d48) Importer(815301076,1909f56bfc062723c751e8b465ee728b)
Start importing Assets/RPG Swords/cutter01.FBX using Guid(5b6a76c08928d1940a2a12754f822d48) Importer(815301076,1909f56bfc062723c751e8b465ee728b)  -> (artifact id: '6ca45986755df2d34bddc072c8db73ce') in 0.015510 seconds 
========================================================================
Received Import Request.
  Time since last request: 0.000028 seconds.
  path: Assets/RPG Swords/dagger_small.FBX
  artifactKey: Guid(46bee165790d2c24f9abecc09e243920) Importer(815301076,1909f56bfc062723c751e8b465ee728b)
Start importing Assets/RPG Swords/dagger_small.FBX using Guid(46bee165790d2c24f9abecc09e243920) Importer(815301076,1909f56bfc062723c751e8b465ee728b)  -> (artifact id: 'f06bd3abbd41e06c2dec49cdeba69465') in 0.015059 seconds 
========================================================================
Received Import Request.
  Time since last request: 0.000021 seconds.
  path: Assets/Models/Commercial City Kit/FBX format/flower_redC.fbx
  artifactKey: Guid(d8b6272a6e3957a45854749dd856b54e) Importer(815301076,1909f56bfc062723c751e8b465ee728b)
Start importing Assets/Models/Commercial City Kit/FBX format/flower_redC.fbx using Guid(d8b6272a6e3957a45854749dd856b54e) Importer(815301076,1909f56bfc062723c751e8b465ee728b)  -> (artifact id: '75eb8cf2cf152b3fa95e2cc4d04b5b09') in 0.027804 seconds 
========================================================================
Received Import Request.
  Time since last request: 0.000019 seconds.
  path: Assets/Models/Commercial City Kit/FBX format/flower_yellowB.fbx
  artifactKey: Guid(874f4437c567e4644b91b8f6e7527b22) Importer(815301076,1909f56bfc062723c751e8b465ee728b)
Start importing Assets/Models/Commercial City Kit/FBX format/flower_yellowB.fbx using Guid(874f4437c567e4644b91b8f6e7527b22) Importer(815301076,1909f56bfc062723c751e8b465ee728b)  -> (artifact id: '8f52f17a5c192be72bb52f291cf1ab5b') in 0.026654 seconds 
========================================================================
Received Import Request.
  Time since last request: 0.000022 seconds.
  path: Assets/Models/Space Kit/FBX format/craft_cargoA.fbx
  artifactKey: Guid(09f7716c0209e5c4891bcba2074ab2fd) Importer(815301076,1909f56bfc062723c751e8b465ee728b)
Start importing Assets/Models/Space Kit/FBX format/craft_cargoA.fbx using Guid(09f7716c0209e5c4891bcba2074ab2fd) Importer(815301076,1909f56bfc062723c751e8b465ee728b)  -> (artifact id: '8d08b899380070e09e7eae7544fb4043') in 0.033562 seconds 
========================================================================
Received Import Request.
  Time since last request: 0.000035 seconds.
  path: Assets/Models/Space Kit/FBX format/corridor_wall.fbx
  artifactKey: Guid(d7a5481c6db6254439261eb17199d411) Importer(815301076,1909f56bfc062723c751e8b465ee728b)
Start importing Assets/Models/Space Kit/FBX format/corridor_wall.fbx using Guid(d7a5481c6db6254439261eb17199d411) Importer(815301076,1909f56bfc062723c751e8b465ee728b)  -> (artifact id: '6393105f394e30a02aed06fd5e9a1bde') in 0.028703 seconds 
========================================================================
Received Import Request.
  Time since last request: 0.000019 seconds.
  path: Assets/Models/Space Kit/FBX format/craft_speederA.fbx
  artifactKey: Guid(519434dcd60b74740aaa0258fda1d642) Importer(815301076,1909f56bfc062723c751e8b465ee728b)
Start importing Assets/Models/Space Kit/FBX format/craft_speederA.fbx using Guid(519434dcd60b74740aaa0258fda1d642) Importer(815301076,1909f56bfc062723c751e8b465ee728b)  -> (artifact id: '77a1fa0700229a8d4f35077395f4b3f0') in 0.032270 seconds 
========================================================================
Received Import Request.
  Time since last request: 0.000032 seconds.
  path: Assets/Models/Space Kit/FBX format/craft_cargoB.fbx
  artifactKey: Guid(e1bf4dba835d0ac4c8a248ebcaba0b6a) Importer(815301076,1909f56bfc062723c751e8b465ee728b)
Start importing Assets/Models/Space Kit/FBX format/craft_cargoB.fbx using Guid(e1bf4dba835d0ac4c8a248ebcaba0b6a) Importer(815301076,1909f56bfc062723c751e8b465ee728b)  -> (artifact id: 'd1d9440b07947bd929551a470944248d') in 0.032395 seconds 
========================================================================
Received Import Request.
  Time since last request: 0.000026 seconds.
  path: Assets/Models/Space Kit/FBX format/craft_speederB.fbx
  artifactKey: Guid(f427a4c2eabbfb84ab96189b77dbbf4f) Importer(815301076,1909f56bfc062723c751e8b465ee728b)
Start importing Assets/Models/Space Kit/FBX format/craft_speederB.fbx using Guid(f427a4c2eabbfb84ab96189b77dbbf4f) Importer(815301076,1909f56bfc062723c751e8b465ee728b)  -> (artifact id: '5376750a954e2edc7553a253fd19205f') in 0.033860 seconds 
========================================================================
Received Import Request.
  Time since last request: 0.000019 seconds.
  path: Assets/Models/Space Kit/FBX format/craft_racer.fbx
  artifactKey: Guid(007a591ae4abe0d4799ab1512833e9f5) Importer(815301076,1909f56bfc062723c751e8b465ee728b)
Start importing Assets/Models/Space Kit/FBX format/craft_racer.fbx using Guid(007a591ae4abe0d4799ab1512833e9f5) Importer(815301076,1909f56bfc062723c751e8b465ee728b)  -> (artifact id: 'c53a2d4b294fffffc6bb48360dc7cf67') in 0.030181 seconds 
========================================================================
Received Import Request.
  Time since last request: 0.000026 seconds.
  path: Assets/Models/Commercial City Kit/FBX format/flower_yellowA.fbx
  artifactKey: Guid(ce0f83afb7899e44b93249e6f844d13b) Importer(815301076,1909f56bfc062723c751e8b465ee728b)
Start importing Assets/Models/Commercial City Kit/FBX format/flower_yellowA.fbx using Guid(ce0f83afb7899e44b93249e6f844d13b) Importer(815301076,1909f56bfc062723c751e8b465ee728b)  -> (artifact id: 'd48c08db393f886f9818ba2578676b94') in 0.022066 seconds 
========================================================================
Received Import Request.
  Time since last request: 0.158858 seconds.
  path: Assets/Models/Commercial City Kit/FBX format/low_buildingK.fbx
  artifactKey: Guid(ac91591fd21a53b4d822639950d59b79) Importer(815301076,1909f56bfc062723c751e8b465ee728b)
Start importing Assets/Models/Commercial City Kit/FBX format/low_buildingK.fbx using Guid(ac91591fd21a53b4d822639950d59b79) Importer(815301076,1909f56bfc062723c751e8b465ee728b)  -> (artifact id: 'f500ca14c3869589cf1c1fe9e8567eb2') in 0.026099 seconds 
========================================================================
Received Import Request.
  Time since last request: 0.000025 seconds.
  path: Assets/Models/Space Kit/FBX format/meteor_detailed.fbx
  artifactKey: Guid(4727f23987b62d341964bdf449db194e) Importer(815301076,1909f56bfc062723c751e8b465ee728b)
Start importing Assets/Models/Space Kit/FBX format/meteor_detailed.fbx using Guid(4727f23987b62d341964bdf449db194e) Importer(815301076,1909f56bfc062723c751e8b465ee728b)  -> (artifact id: '8b68a8c27d4126962fcc30c42c1f77dd') in 0.024675 seconds 
========================================================================
Received Import Request.
  Time since last request: 0.000022 seconds.
  path: Assets/Models/Commercial City Kit/FBX format/low_buildingM.fbx
  artifactKey: Guid(df86cb67a3339404695609cfddd8f3cd) Importer(815301076,1909f56bfc062723c751e8b465ee728b)
Start importing Assets/Models/Commercial City Kit/FBX format/low_buildingM.fbx using Guid(df86cb67a3339404695609cfddd8f3cd) Importer(815301076,1909f56bfc062723c751e8b465ee728b)  -> (artifact id: '994bc63dcf3095760c02b187cb18842b') in 0.026301 seconds 
========================================================================
Received Import Request.
  Time since last request: 0.000038 seconds.
  path: Assets/Models/Commercial City Kit/FBX format/low_buildingL.fbx
  artifactKey: Guid(3d05fcc0e9fa68f489e0670a92dfdc99) Importer(815301076,1909f56bfc062723c751e8b465ee728b)
Start importing Assets/Models/Commercial City Kit/FBX format/low_buildingL.fbx using Guid(3d05fcc0e9fa68f489e0670a92dfdc99) Importer(815301076,1909f56bfc062723c751e8b465ee728b)  -> (artifact id: '9d62e83e998c858321dbd39148a6be4d') in 0.027699 seconds 
========================================================================
Received Import Request.
  Time since last request: 0.000025 seconds.
  path: Assets/Models/Space Kit/FBX format/monorail_trainFlat.fbx
  artifactKey: Guid(646f7ac8e8387b246b21bd3eb40ef1de) Importer(815301076,1909f56bfc062723c751e8b465ee728b)
Start importing Assets/Models/Space Kit/FBX format/monorail_trainFlat.fbx using Guid(646f7ac8e8387b246b21bd3eb40ef1de) Importer(815301076,1909f56bfc062723c751e8b465ee728b)  -> (artifact id: 'e266f298158603a910209f6dc29d8f71') in 0.029471 seconds 
========================================================================
Received Import Request.
  Time since last request: 0.000025 seconds.
  path: Assets/Models/Space Kit/FBX format/monorail_trackStraight.fbx
  artifactKey: Guid(be3a9b1494a116f469a704349af68dd6) Importer(815301076,1909f56bfc062723c751e8b465ee728b)
Start importing Assets/Models/Space Kit/FBX format/monorail_trackStraight.fbx using Guid(be3a9b1494a116f469a704349af68dd6) Importer(815301076,1909f56bfc062723c751e8b465ee728b)  -> (artifact id: 'e4388ff7500ce6d382a3d2ec0e038fa2') in 0.024927 seconds 
========================================================================
Received Import Request.
  Time since last request: 0.000020 seconds.
  path: Assets/Models/Space Kit/FBX format/monorail_trackSupportCorner.fbx
  artifactKey: Guid(4c9f07cb366ccda4e97d6e9c2a9f48ed) Importer(815301076,1909f56bfc062723c751e8b465ee728b)
Start importing Assets/Models/Space Kit/FBX format/monorail_trackSupportCorner.fbx using Guid(4c9f07cb366ccda4e97d6e9c2a9f48ed) Importer(815301076,1909f56bfc062723c751e8b465ee728b)  -> (artifact id: '3c4e5c138bf8809f60004ed4f9298d86') in 0.030237 seconds 
========================================================================
Received Import Request.
  Time since last request: 0.000021 seconds.
  path: Assets/Models/Space Kit/FBX format/machine_barrelLarge.fbx
  artifactKey: Guid(72d0eda28f340b14c8d23ac0054f1213) Importer(815301076,1909f56bfc062723c751e8b465ee728b)
Start importing Assets/Models/Space Kit/FBX format/machine_barrelLarge.fbx using Guid(72d0eda28f340b14c8d23ac0054f1213) Importer(815301076,1909f56bfc062723c751e8b465ee728b)  -> (artifact id: '5def77a4235e24af490cf32d50b9b29c') in 0.029336 seconds 
========================================================================
Received Import Request.
  Time since last request: 0.000020 seconds.
  path: Assets/Models/Space Kit/FBX format/monorail_trainPassenger.fbx
  artifactKey: Guid(b0085e6b4764f4f4b97f21d53bb4bd3e) Importer(815301076,1909f56bfc062723c751e8b465ee728b)
Start importing Assets/Models/Space Kit/FBX format/monorail_trainPassenger.fbx using Guid(b0085e6b4764f4f4b97f21d53bb4bd3e) Importer(815301076,1909f56bfc062723c751e8b465ee728b)  -> (artifact id: '5cec885036bea2bf9a17631ed217a57f') in 0.034722 seconds 
========================================================================
Received Import Request.
  Time since last request: 0.000028 seconds.
  path: Assets/Models/Space Kit/FBX format/monorail_trackCornerLarge.fbx
  artifactKey: Guid(f0106205516ae404d80d583404aa1f8d) Importer(815301076,1909f56bfc062723c751e8b465ee728b)
Start importing Assets/Models/Space Kit/FBX format/monorail_trackCornerLarge.fbx using Guid(f0106205516ae404d80d583404aa1f8d) Importer(815301076,1909f56bfc062723c751e8b465ee728b)  -> (artifact id: '470c872631ee56b47c9090dc0c0e1e3e') in 0.026836 seconds 
========================================================================
Received Import Request.
  Time since last request: 0.000038 seconds.
  path: Assets/Models/Space Kit/FBX format/monorail_trainEnd.fbx
  artifactKey: Guid(0767a6bee49baaa46a98baae3e089088) Importer(815301076,1909f56bfc062723c751e8b465ee728b)
Start importing Assets/Models/Space Kit/FBX format/monorail_trainEnd.fbx using Guid(0767a6bee49baaa46a98baae3e089088) Importer(815301076,1909f56bfc062723c751e8b465ee728b)  -> (artifact id: 'f92fcc9ce7cf73ba2072b9339274bdf8') in 0.032328 seconds 
========================================================================
Received Import Request.
  Time since last request: 0.000022 seconds.
  path: Assets/Models/Space Kit/FBX format/monorail_trackSupport.fbx
  artifactKey: Guid(d06f240c6a6f5f147bbe25769035089b) Importer(815301076,1909f56bfc062723c751e8b465ee728b)
Start importing Assets/Models/Space Kit/FBX format/monorail_trackSupport.fbx using Guid(d06f240c6a6f5f147bbe25769035089b) Importer(815301076,1909f56bfc062723c751e8b465ee728b)  -> (artifact id: 'd21abbda1d26be95a47d5cdafa494777') in 0.032377 seconds 
========================================================================
Received Import Request.
  Time since last request: 0.000027 seconds.
  path: Assets/Models/Space Kit/FBX format/pipe_corner.fbx
  artifactKey: Guid(7c471c38f9a38704bae0198ec0231107) Importer(815301076,1909f56bfc062723c751e8b465ee728b)
Start importing Assets/Models/Space Kit/FBX format/pipe_corner.fbx using Guid(7c471c38f9a38704bae0198ec0231107) Importer(815301076,1909f56bfc062723c751e8b465ee728b)  -> (artifact id: 'c41ec512a7ef4fa4909b874736513774') in 0.026600 seconds 
========================================================================
Received Import Request.
  Time since last request: 0.065243 seconds.
  path: Assets/Models/Space Kit/FBX format/pipe_cornerRoundLarge.fbx
  artifactKey: Guid(cf7f4998e111b964eb4b683cc0f3e769) Importer(815301076,1909f56bfc062723c751e8b465ee728b)
Start importing Assets/Models/Space Kit/FBX format/pipe_cornerRoundLarge.fbx using Guid(cf7f4998e111b964eb4b683cc0f3e769) Importer(815301076,1909f56bfc062723c751e8b465ee728b)  -> (artifact id: 'c080b969f6407fe899a0ffec56855f3c') in 0.026635 seconds 
========================================================================
Received Import Request.
  Time since last request: 0.000020 seconds.
  path: Assets/Models/Space Kit/FBX format/pipe_entrance.fbx
  artifactKey: Guid(b696507ee6e00c1498e7d31676d0d5cd) Importer(815301076,1909f56bfc062723c751e8b465ee728b)
Start importing Assets/Models/Space Kit/FBX format/pipe_entrance.fbx using Guid(b696507ee6e00c1498e7d31676d0d5cd) Importer(815301076,1909f56bfc062723c751e8b465ee728b)  -> (artifact id: '960f9cb660cc74d7a1aba4004337d922') in 0.027913 seconds 
========================================================================
Received Import Request.
  Time since last request: 0.000037 seconds.
  path: Assets/Models/Space Kit/FBX format/pipe_rampSmall.fbx
  artifactKey: Guid(379c2e25102af0845a7738104522c07a) Importer(815301076,1909f56bfc062723c751e8b465ee728b)
Start importing Assets/Models/Space Kit/FBX format/pipe_rampSmall.fbx using Guid(379c2e25102af0845a7738104522c07a) Importer(815301076,1909f56bfc062723c751e8b465ee728b)  -> (artifact id: '30d477c2e9c418167017ed57f29abcd3') in 0.032934 seconds 
========================================================================
Received Import Request.
  Time since last request: 0.000029 seconds.
  path: Assets/Models/Space Kit/FBX format/pipe_ringHighEnd.fbx
  artifactKey: Guid(2a8178015c0ee614c9fe76db604e5434) Importer(815301076,1909f56bfc062723c751e8b465ee728b)
Start importing Assets/Models/Space Kit/FBX format/pipe_ringHighEnd.fbx using Guid(2a8178015c0ee614c9fe76db604e5434) Importer(815301076,1909f56bfc062723c751e8b465ee728b)  -> (artifact id: '8d6ce909237ec94b514b80b9db16ade2') in 0.040157 seconds 
========================================================================
Received Import Request.
  Time since last request: 0.000025 seconds.
  path: Assets/Models/Space Kit/FBX format/pipe_end.fbx
  artifactKey: Guid(547dd47f70f568948be2c4faa2136b20) Importer(815301076,1909f56bfc062723c751e8b465ee728b)
Start importing Assets/Models/Space Kit/FBX format/pipe_end.fbx using Guid(547dd47f70f568948be2c4faa2136b20) Importer(815301076,1909f56bfc062723c751e8b465ee728b)  -> (artifact id: '5857da4041cf028aab7636c8da47bbf8') in 0.031161 seconds 
========================================================================
Received Import Request.
  Time since last request: 0.000026 seconds.
  path: Assets/Models/Space Kit/FBX format/pipe_rampLarge.fbx
  artifactKey: Guid(50cd0b0c719766f4aa8bf2b159b31bfb) Importer(815301076,1909f56bfc062723c751e8b465ee728b)
Start importing Assets/Models/Space Kit/FBX format/pipe_rampLarge.fbx using Guid(50cd0b0c719766f4aa8bf2b159b31bfb) Importer(815301076,1909f56bfc062723c751e8b465ee728b)  -> (artifact id: '9350b1c25d350bb0f467f04346024c88') in 0.032264 seconds 
========================================================================
Received Import Request.
  Time since last request: 0.964522 seconds.
  path: Assets/RPG Swords/sword_epic.FBX
  artifactKey: Guid(90c25ff0db82bf64cbc6b8e405018824) Importer(815301076,1909f56bfc062723c751e8b465ee728b)
Start importing Assets/RPG Swords/sword_epic.FBX using Guid(90c25ff0db82bf64cbc6b8e405018824) Importer(815301076,1909f56bfc062723c751e8b465ee728b)  -> (artifact id: '96fe267c2812f9cc70e2f9260cbb18ae') in 0.019390 seconds 
Editor requested this worker to shutdown with reason: Scaling down because of idle timeout
AssetImportWorker is now disconnected from the server
Process exiting
Exiting without the bug reporter. Application will terminate with return code 0