Using pre-set license
Built from '2021.3/release' branch; Version is '2021.3.12f1 (8af3c3e441b1) revision 9106371'; Using compiler version '192829333'; Build Type 'Release'
OS: 'Windows 10  (10.0.19044) 64bit Professional' Language: 'en' Physical Memory: 16085 MB
BatchMode: 1, IsHumanControllingUs: 0, StartBugReporterOnCrash: 0, Is64bit: 1, IsPro: 1

COMMAND LINE ARGUMENTS:
C:\Program Files\Unity\Hub\Editor\2021.3.12f1\Editor\Unity.exe
-adb2
-batchMode
-noUpm
-name
AssetImportWorker8
-projectPath
C:/Users/mrtlc/Desktop/Portfolio2 - FSO/BlastToThePast
-logFile
Logs/AssetImportWorker8.log
-srvPort
54365
Successfully changed project path to: C:/Users/mrtlc/Desktop/Portfolio2 - FSO/BlastToThePast
C:/Users/mrtlc/Desktop/Portfolio2 - FSO/BlastToThePast
[UnityMemory] Configuration Parameters - Can be set up in boot.config
    "memorysetup-bucket-allocator-granularity=16"
    "memorysetup-bucket-allocator-bucket-count=8"
    "memorysetup-bucket-allocator-block-size=33554432"
    "memorysetup-bucket-allocator-block-count=8"
    "memorysetup-main-allocator-block-size=16777216"
    "memorysetup-thread-allocator-block-size=16777216"
    "memorysetup-gfx-main-allocator-block-size=16777216"
    "memorysetup-gfx-thread-allocator-block-size=16777216"
    "memorysetup-cache-allocator-block-size=4194304"
    "memorysetup-typetree-allocator-block-size=2097152"
    "memorysetup-profiler-bucket-allocator-granularity=16"
    "memorysetup-profiler-bucket-allocator-bucket-count=8"
    "memorysetup-profiler-bucket-allocator-block-size=33554432"
    "memorysetup-profiler-bucket-allocator-block-count=8"
    "memorysetup-profiler-allocator-block-size=16777216"
    "memorysetup-profiler-editor-allocator-block-size=1048576"
    "memorysetup-temp-allocator-size-main=16777216"
    "memorysetup-job-temp-allocator-block-size=2097152"
    "memorysetup-job-temp-allocator-block-size-background=1048576"
    "memorysetup-job-temp-allocator-reduction-small-platforms=262144"
    "memorysetup-temp-allocator-size-background-worker=32768"
    "memorysetup-temp-allocator-size-job-worker=262144"
    "memorysetup-temp-allocator-size-preload-manager=33554432"
    "memorysetup-temp-allocator-size-nav-mesh-worker=65536"
    "memorysetup-temp-allocator-size-audio-worker=65536"
    "memorysetup-temp-allocator-size-cloud-worker=32768"
    "memorysetup-temp-allocator-size-gi-baking-worker=262144"
    "memorysetup-temp-allocator-size-gfx=262144"
Refreshing native plugins compatible for Editor in 92.68 ms, found 3 plugins.
Preloading 0 native plugins for Editor in 0.00 ms.
Initialize engine version: 2021.3.12f1 (8af3c3e441b1)
[Subsystems] Discovering subsystems at path C:/Program Files/Unity/Hub/Editor/2021.3.12f1/Editor/Data/Resources/UnitySubsystems
[Subsystems] Discovering subsystems at path C:/Users/mrtlc/Desktop/Portfolio2 - FSO/BlastToThePast/Assets
GfxDevice: creating device client; threaded=0; jobified=0
Direct3D:
    Version:  Direct3D 11.0 [level 11.1]
    Renderer: NVIDIA GeForce RTX 3080 Laptop GPU (ID=0x249c)
    Vendor:   NVIDIA
    VRAM:     16201 MB
    Driver:   30.0.14.7288
Initialize mono
Mono path[0] = 'C:/Program Files/Unity/Hub/Editor/2021.3.12f1/Editor/Data/Managed'
Mono path[1] = 'C:/Program Files/Unity/Hub/Editor/2021.3.12f1/Editor/Data/MonoBleedingEdge/lib/mono/unityjit-win32'
Mono config path = 'C:/Program Files/Unity/Hub/Editor/2021.3.12f1/Editor/Data/MonoBleedingEdge/etc'
Using monoOptions --debugger-agent=transport=dt_socket,embedding=1,server=y,suspend=n,address=127.0.0.1:56172
Begin MonoManager ReloadAssembly
Registering precompiled unity dll's ...
Register platform support module: C:/Program Files/Unity/Hub/Editor/2021.3.12f1/Editor/Data/PlaybackEngines/WindowsStandaloneSupport/UnityEditor.WindowsStandalone.Extensions.dll
Registered in 0.010319 seconds.
Native extension for WindowsStandalone target not found
Refreshing native plugins compatible for Editor in 82.60 ms, found 3 plugins.
Preloading 0 native plugins for Editor in 0.00 ms.
Mono: successfully reloaded assembly
- Completed reload, in  0.705 seconds
Domain Reload Profiling:
	ReloadAssembly (705ms)
		BeginReloadAssembly (95ms)
			ExecutionOrderSort (0ms)
			DisableScriptedObjects (0ms)
			BackupInstance (0ms)
			ReleaseScriptingObjects (0ms)
			CreateAndSetChildDomain (1ms)
		EndReloadAssembly (446ms)
			LoadAssemblies (91ms)
			RebuildTransferFunctionScriptingTraits (0ms)
			SetupTypeCache (123ms)
			ReleaseScriptCaches (0ms)
			RebuildScriptCaches (24ms)
			SetupLoadedEditorAssemblies (249ms)
				LogAssemblyErrors (0ms)
				InitializePlatformSupportModulesInManaged (7ms)
				SetLoadedEditorAssemblies (0ms)
				RefreshPlugins (83ms)
				BeforeProcessingInitializeOnLoad (1ms)
				ProcessInitializeOnLoadAttributes (120ms)
				ProcessInitializeOnLoadMethodAttributes (39ms)
				AfterProcessingInitializeOnLoad (0ms)
				EditorAssembliesLoaded (0ms)
			ExecutionOrderSort2 (0ms)
			AwakeInstancesAfterBackupRestoration (0ms)
Platform modules already initialized, skipping
Registering precompiled user dll's ...
Registered in 0.004953 seconds.
Begin MonoManager ReloadAssembly
Symbol file LoadedFromMemory doesn't match image C:\Users\mrtlc\Desktop\Portfolio2 - FSO\BlastToThePast\Library\PackageCache\com.unity.visualscripting@1.7.8\Editor\VisualScripting.Core\Dependencies\YamlDotNet\Unity.VisualScripting.YamlDotNet.dll
Symbol file LoadedFromMemory doesn't match image C:\Users\mrtlc\Desktop\Portfolio2 - FSO\BlastToThePast\Library\PackageCache\com.unity.visualscripting@1.7.8\Editor\VisualScripting.Core\Dependencies\DotNetZip\Unity.VisualScripting.IonicZip.dll
Native extension for WindowsStandalone target not found
Refreshing native plugins compatible for Editor in 0.73 ms, found 3 plugins.
Preloading 0 native plugins for Editor in 0.00 ms.
Mono: successfully reloaded assembly
- Completed reload, in  0.905 seconds
Domain Reload Profiling:
	ReloadAssembly (906ms)
		BeginReloadAssembly (96ms)
			ExecutionOrderSort (0ms)
			DisableScriptedObjects (5ms)
			BackupInstance (0ms)
			ReleaseScriptingObjects (0ms)
			CreateAndSetChildDomain (19ms)
		EndReloadAssembly (707ms)
			LoadAssemblies (72ms)
			RebuildTransferFunctionScriptingTraits (0ms)
			SetupTypeCache (220ms)
			ReleaseScriptCaches (1ms)
			RebuildScriptCaches (47ms)
			SetupLoadedEditorAssemblies (327ms)
				LogAssemblyErrors (0ms)
				InitializePlatformSupportModulesInManaged (5ms)
				SetLoadedEditorAssemblies (0ms)
				RefreshPlugins (1ms)
				BeforeProcessingInitializeOnLoad (81ms)
				ProcessInitializeOnLoadAttributes (207ms)
				ProcessInitializeOnLoadMethodAttributes (25ms)
				AfterProcessingInitializeOnLoad (7ms)
				EditorAssembliesLoaded (0ms)
			ExecutionOrderSort2 (0ms)
			AwakeInstancesAfterBackupRestoration (5ms)
Platform modules already initialized, skipping
========================================================================
Worker process is ready to serve import requests
Launched and connected shader compiler UnityShaderCompiler.exe after 0.04 seconds
Refreshing native plugins compatible for Editor in 0.88 ms, found 3 plugins.
Preloading 0 native plugins for Editor in 0.00 ms.
Unloading 3484 Unused Serialized files (Serialized files now loaded: 0)
Unloading 27 unused Assets / (113.7 KB). Loaded Objects now: 3947.
Memory consumption went from 125.9 MB to 125.8 MB.
Total: 2.970100 ms (FindLiveObjects: 0.357200 ms CreateObjectMapping: 0.237200 ms MarkObjects: 2.259900 ms  DeleteObjects: 0.114800 ms)

AssetImportParameters requested are different than current active one (requested -> active):
  custom:video-decoder-ogg-theora: a1e56fd34408186e4bbccfd4996cb3dc -> 
  custom:container-muxer-webm: aa71ff27fc2769a1b78a27578f13a17b -> 
  custom:container-demuxer-webm: 4f35f7cbe854078d1ac9338744f61a02 -> 
  custom:video-encoder-webm-vp8: eb34c28f22e8b96e1ab97ce403110664 -> 
  custom:audio-encoder-webm-vorbis: bf7c407c2cedff20999df2af8eb42d56 -> 
  custom:framework-win-MediaFoundation: 216162199b28c13a410421893ffa2e32 -> 
  custom:container-demuxer-ogg: 62fdf1f143b41e24485cea50d1cbac27 -> 
  custom:video-decoder-webm-vp8: 9c59270c3fd7afecdb556c50c9e8de78 -> 
  custom:audio-decoder-ogg-vorbis: bf7c407c2cedff20999df2af8eb42d56 -> 
========================================================================
Received Import Request.
  Time since last request: 1402156.523665 seconds.
  path: Assets/JMO Assets/Cartoon FX Remaster/CFXR Assets/Meshes/cfxr mesh ring.fbx
  artifactKey: Guid(fd9225d663ccb334dbfa1e5255190553) Importer(815301076,1909f56bfc062723c751e8b465ee728b)
Start importing Assets/JMO Assets/Cartoon FX Remaster/CFXR Assets/Meshes/cfxr mesh ring.fbx using Guid(fd9225d663ccb334dbfa1e5255190553) Importer(815301076,1909f56bfc062723c751e8b465ee728b)  -> (artifact id: 'd51b87064701221b18c3314aa18a9569') in 0.231049 seconds 
========================================================================
Received Import Request.
  Time since last request: 96.605289 seconds.
  path: Assets/RPG Swords/Katana.FBX
  artifactKey: Guid(43cf19174db63f549b650fd48a60e071) Importer(815301076,1909f56bfc062723c751e8b465ee728b)
Start importing Assets/RPG Swords/Katana.FBX using Guid(43cf19174db63f549b650fd48a60e071) Importer(815301076,1909f56bfc062723c751e8b465ee728b)  -> (artifact id: '84a4aaf9f0eee88c84ad2f9776493a07') in 0.097403 seconds 
========================================================================
Received Import Request.
  Time since last request: 6.979539 seconds.
  path: Assets/JMO Assets/Cartoon FX Remaster/CFXR Assets/Meshes/cfxr mesh star4.fbx
  artifactKey: Guid(a3e854b0e6a2a7d48ad61e15d33575de) Importer(815301076,1909f56bfc062723c751e8b465ee728b)
Start importing Assets/JMO Assets/Cartoon FX Remaster/CFXR Assets/Meshes/cfxr mesh star4.fbx using Guid(a3e854b0e6a2a7d48ad61e15d33575de) Importer(815301076,1909f56bfc062723c751e8b465ee728b)  -> (artifact id: '34e4ffadcbb032622298d1d2c64f831b') in 0.018410 seconds 
========================================================================
Received Import Request.
  Time since last request: 0.000019 seconds.
  path: Assets/JMO Assets/Cartoon FX Remaster/CFXR Assets/Meshes/cfxr mesh star8.fbx
  artifactKey: Guid(fb0f8bc3240c8144cb32581b07e12ef0) Importer(815301076,1909f56bfc062723c751e8b465ee728b)
Start importing Assets/JMO Assets/Cartoon FX Remaster/CFXR Assets/Meshes/cfxr mesh star8.fbx using Guid(fb0f8bc3240c8144cb32581b07e12ef0) Importer(815301076,1909f56bfc062723c751e8b465ee728b)  -> (artifact id: 'aa6696cf22a29c9711451fe1abbe9ac4') in 0.017486 seconds 
========================================================================
Received Import Request.
  Time since last request: 0.044031 seconds.
  path: Assets/JMO Assets/Cartoon FX Remaster/CFXR Assets/Meshes/cfxr particle_electric_arc_2.fbx
  artifactKey: Guid(f6ce39f7cf5788047aa637110fa7ebe1) Importer(815301076,1909f56bfc062723c751e8b465ee728b)
Start importing Assets/JMO Assets/Cartoon FX Remaster/CFXR Assets/Meshes/cfxr particle_electric_arc_2.fbx using Guid(f6ce39f7cf5788047aa637110fa7ebe1) Importer(815301076,1909f56bfc062723c751e8b465ee728b)  -> (artifact id: 'a2d30d5071f8e845bbbd0c16c0f0fc02') in 0.020590 seconds 
========================================================================
Received Import Request.
  Time since last request: 0.000025 seconds.
  path: Assets/JMO Assets/Cartoon FX Remaster/CFXR Assets/Graphics/cfxr puddle mesh.asset
  artifactKey: Guid(a71649bde553d6f4b9b8ae820c34748f) Importer(815301076,1909f56bfc062723c751e8b465ee728b)
Start importing Assets/JMO Assets/Cartoon FX Remaster/CFXR Assets/Graphics/cfxr puddle mesh.asset using Guid(a71649bde553d6f4b9b8ae820c34748f) Importer(815301076,1909f56bfc062723c751e8b465ee728b)  -> (artifact id: 'd972c2a4f4f161c9d44edb3a8fdaeaf8') in 0.020220 seconds 
========================================================================
Received Import Request.
  Time since last request: 0.000037 seconds.
  path: Assets/JMO Assets/Cartoon FX Remaster/CFXR Assets/Meshes/cfxr ring mesh.asset
  artifactKey: Guid(a78b06c58d03f5d4fbb74ba21020241e) Importer(815301076,1909f56bfc062723c751e8b465ee728b)
Start importing Assets/JMO Assets/Cartoon FX Remaster/CFXR Assets/Meshes/cfxr ring mesh.asset using Guid(a78b06c58d03f5d4fbb74ba21020241e) Importer(815301076,1909f56bfc062723c751e8b465ee728b)  -> (artifact id: 'a7a398553e04fb251d905c45b511f646') in 0.016912 seconds 
========================================================================
Received Import Request.
  Time since last request: 0.000043 seconds.
  path: Assets/JMO Assets/Cartoon FX Remaster/CFXR Assets/Meshes/cfxr ring mesh local space.asset
  artifactKey: Guid(b0456bb37d6ff3b4e956cba074fb9253) Importer(815301076,1909f56bfc062723c751e8b465ee728b)
Start importing Assets/JMO Assets/Cartoon FX Remaster/CFXR Assets/Meshes/cfxr ring mesh local space.asset using Guid(b0456bb37d6ff3b4e956cba074fb9253) Importer(815301076,1909f56bfc062723c751e8b465ee728b)  -> (artifact id: '2c82e331eda3e169595f94a992e2d2c3') in 0.017307 seconds 
========================================================================
Received Import Request.
  Time since last request: 0.000030 seconds.
  path: Assets/Models/Space Kit/FBX format/corridor_cornerRound.fbx
  artifactKey: Guid(d0d59506652e0c84ca91c0149fc9d897) Importer(815301076,1909f56bfc062723c751e8b465ee728b)
Start importing Assets/Models/Space Kit/FBX format/corridor_cornerRound.fbx using Guid(d0d59506652e0c84ca91c0149fc9d897) Importer(815301076,1909f56bfc062723c751e8b465ee728b)  -> (artifact id: 'ab5fc9467f399d3b799aa03c4995646f') in 0.058674 seconds 
========================================================================
Received Import Request.
  Time since last request: 0.000022 seconds.
  path: Assets/JMO Assets/Cartoon FX Remaster/CFXR Assets/Graphics/cfxr stretch sipkes x2 mesh.asset
  artifactKey: Guid(a0ee99ac161e4ba45b09ccd7072aed4b) Importer(815301076,1909f56bfc062723c751e8b465ee728b)
Start importing Assets/JMO Assets/Cartoon FX Remaster/CFXR Assets/Graphics/cfxr stretch sipkes x2 mesh.asset using Guid(a0ee99ac161e4ba45b09ccd7072aed4b) Importer(815301076,1909f56bfc062723c751e8b465ee728b)  -> (artifact id: '413de5107b18c2a468341a085a9622af') in 0.013083 seconds 
========================================================================
Received Import Request.
  Time since last request: 0.000036 seconds.
  path: Assets/JMO Assets/Cartoon FX Remaster/CFXR Assets/Graphics/cfxr star mesh.asset
  artifactKey: Guid(5cd3984e3d521b949b5dbeff045f62b9) Importer(815301076,1909f56bfc062723c751e8b465ee728b)
Start importing Assets/JMO Assets/Cartoon FX Remaster/CFXR Assets/Graphics/cfxr star mesh.asset using Guid(5cd3984e3d521b949b5dbeff045f62b9) Importer(815301076,1909f56bfc062723c751e8b465ee728b)  -> (artifact id: '17cbffb355a194d852a917a5ecd25e96') in 0.016629 seconds 
========================================================================
Received Import Request.
  Time since last request: 0.000019 seconds.
  path: Assets/Models/Space Kit/FBX format/corridor_cross.fbx
  artifactKey: Guid(50185e34f104f6742bd5e50c9c9053f1) Importer(815301076,1909f56bfc062723c751e8b465ee728b)
Start importing Assets/Models/Space Kit/FBX format/corridor_cross.fbx using Guid(50185e34f104f6742bd5e50c9c9053f1) Importer(815301076,1909f56bfc062723c751e8b465ee728b)  -> (artifact id: 'e9af6859ea1664b8e29780b085f393fb') in 0.032373 seconds 
========================================================================
Received Import Request.
  Time since last request: 0.000021 seconds.
  path: Assets/Models/Space Kit/FBX format/corridor_corner.fbx
  artifactKey: Guid(82f30b8b97b377145bea70c2e5d2c9fc) Importer(815301076,1909f56bfc062723c751e8b465ee728b)
Start importing Assets/Models/Space Kit/FBX format/corridor_corner.fbx using Guid(82f30b8b97b377145bea70c2e5d2c9fc) Importer(815301076,1909f56bfc062723c751e8b465ee728b)  -> (artifact id: '8eebdc2781cdb542304ffc445fad4474') in 0.033716 seconds 
========================================================================
Received Import Request.
  Time since last request: 0.000020 seconds.
  path: Assets/Models/Space Kit/FBX format/corridor.fbx
  artifactKey: Guid(e7a2768ce6e90bb4586382692b22222f) Importer(815301076,1909f56bfc062723c751e8b465ee728b)
Start importing Assets/Models/Space Kit/FBX format/corridor.fbx using Guid(e7a2768ce6e90bb4586382692b22222f) Importer(815301076,1909f56bfc062723c751e8b465ee728b)  -> (artifact id: 'c8dc8131815917b6bbb80e55f00e2c41') in 0.031058 seconds 
========================================================================
Received Import Request.
  Time since last request: 0.578297 seconds.
  path: Assets/Models/Space Kit/FBX format/corridor_detailed.fbx
  artifactKey: Guid(5d4c9b5bba1b1db4094acef98dbd1d40) Importer(815301076,1909f56bfc062723c751e8b465ee728b)
Start importing Assets/Models/Space Kit/FBX format/corridor_detailed.fbx using Guid(5d4c9b5bba1b1db4094acef98dbd1d40) Importer(815301076,1909f56bfc062723c751e8b465ee728b)  -> (artifact id: '8c2ca80ee9c22fcbdcc4b3baa91349b2') in 0.031212 seconds 
========================================================================
Received Import Request.
  Time since last request: 0.000022 seconds.
  path: Assets/Models/Space Kit/FBX format/corridor_roof.fbx
  artifactKey: Guid(8269a038072bb724c8ef38347b260c4e) Importer(815301076,1909f56bfc062723c751e8b465ee728b)
Start importing Assets/Models/Space Kit/FBX format/corridor_roof.fbx using Guid(8269a038072bb724c8ef38347b260c4e) Importer(815301076,1909f56bfc062723c751e8b465ee728b)  -> (artifact id: 'e788f797a170fa9c18e65b3407e02610') in 0.025340 seconds 
========================================================================
Received Import Request.
  Time since last request: 0.000026 seconds.
  path: Assets/Models/Space Kit/FBX format/craft_speederD.fbx
  artifactKey: Guid(f347a32c9461e734a82e997b811529d7) Importer(815301076,1909f56bfc062723c751e8b465ee728b)
Start importing Assets/Models/Space Kit/FBX format/craft_speederD.fbx using Guid(f347a32c9461e734a82e997b811529d7) Importer(815301076,1909f56bfc062723c751e8b465ee728b)  -> (artifact id: '0f898708324b2b37fb83029ebd97e4be') in 0.035740 seconds 
========================================================================
Received Import Request.
  Time since last request: 0.000022 seconds.
  path: Assets/Models/Commercial City Kit/FBX format/detail_umbrella.fbx
  artifactKey: Guid(676f502539ea9de428553b862bdfd213) Importer(815301076,1909f56bfc062723c751e8b465ee728b)
Start importing Assets/Models/Commercial City Kit/FBX format/detail_umbrella.fbx using Guid(676f502539ea9de428553b862bdfd213) Importer(815301076,1909f56bfc062723c751e8b465ee728b)  -> (artifact id: 'f2c0c0673839333dfde199dacbdc1c88') in 0.029650 seconds 
========================================================================
Received Import Request.
  Time since last request: 0.000028 seconds.
  path: Assets/Models/Space Kit/FBX format/desk_chairStool.fbx
  artifactKey: Guid(98abfde78b838594e835bb8a3039d74b) Importer(815301076,1909f56bfc062723c751e8b465ee728b)
Start importing Assets/Models/Space Kit/FBX format/desk_chairStool.fbx using Guid(98abfde78b838594e835bb8a3039d74b) Importer(815301076,1909f56bfc062723c751e8b465ee728b)  -> (artifact id: '1f3083e84f2980bc05a95c280a07d5c6') in 0.025336 seconds 
========================================================================
Received Import Request.
  Time since last request: 0.000031 seconds.
  path: Assets/Models/Space Kit/FBX format/desk_computerCorner.fbx
  artifactKey: Guid(0f622a21373c7e044a534ee2f8cf1ed8) Importer(815301076,1909f56bfc062723c751e8b465ee728b)
Start importing Assets/Models/Space Kit/FBX format/desk_computerCorner.fbx using Guid(0f622a21373c7e044a534ee2f8cf1ed8) Importer(815301076,1909f56bfc062723c751e8b465ee728b)  -> (artifact id: '3dfaab67a8071895153932c0e8d9c154') in 0.031720 seconds 
========================================================================
Received Import Request.
  Time since last request: 0.000028 seconds.
  path: Assets/RPG Swords/dagger_epic.FBX
  artifactKey: Guid(2b4e0496b71e5864ea17e62c57a06963) Importer(815301076,1909f56bfc062723c751e8b465ee728b)
Start importing Assets/RPG Swords/dagger_epic.FBX using Guid(2b4e0496b71e5864ea17e62c57a06963) Importer(815301076,1909f56bfc062723c751e8b465ee728b)  -> (artifact id: '1f73de8be5cb3b339e63c5716436fecd') in 0.017118 seconds 
========================================================================
Received Import Request.
  Time since last request: 0.000022 seconds.
  path: Assets/Models/Commercial City Kit/FBX format/flower_redB.fbx
  artifactKey: Guid(79a3af41d40a5e045849631f79dbc8da) Importer(815301076,1909f56bfc062723c751e8b465ee728b)
Start importing Assets/Models/Commercial City Kit/FBX format/flower_redB.fbx using Guid(79a3af41d40a5e045849631f79dbc8da) Importer(815301076,1909f56bfc062723c751e8b465ee728b)  -> (artifact id: '06c0f0e39bacd907cd0c324ce225a9cb') in 0.024347 seconds 
========================================================================
Received Import Request.
  Time since last request: 0.000020 seconds.
  path: Assets/Models/Space Kit/FBX format/craft_miner.fbx
  artifactKey: Guid(2a8fe82432b23a7488e10762579a9875) Importer(815301076,1909f56bfc062723c751e8b465ee728b)
Start importing Assets/Models/Space Kit/FBX format/craft_miner.fbx using Guid(2a8fe82432b23a7488e10762579a9875) Importer(815301076,1909f56bfc062723c751e8b465ee728b)  -> (artifact id: 'e85d6d7e44d4508b434881d9b31427ef') in 0.034112 seconds 
========================================================================
Received Import Request.
  Time since last request: 0.000027 seconds.
  path: Assets/Models/Commercial City Kit/FBX format/detail_umbrellaDetailed.fbx
  artifactKey: Guid(f2c5b2383ba9b4946921763a43c0f72c) Importer(815301076,1909f56bfc062723c751e8b465ee728b)
Start importing Assets/Models/Commercial City Kit/FBX format/detail_umbrellaDetailed.fbx using Guid(f2c5b2383ba9b4946921763a43c0f72c) Importer(815301076,1909f56bfc062723c751e8b465ee728b)  -> (artifact id: 'bd2724595ae9c48aa9d42711f032271d') in 0.032563 seconds 
========================================================================
Received Import Request.
  Time since last request: 0.000022 seconds.
  path: Assets/Models/Commercial City Kit/FBX format/detail_awningWide.fbx
  artifactKey: Guid(2370ad442b2ccc34ca16ccf4cf5f150c) Importer(815301076,1909f56bfc062723c751e8b465ee728b)
Start importing Assets/Models/Commercial City Kit/FBX format/detail_awningWide.fbx using Guid(2370ad442b2ccc34ca16ccf4cf5f150c) Importer(815301076,1909f56bfc062723c751e8b465ee728b)  -> (artifact id: 'bafaebb62306a54b451c605a24066381') in 0.028898 seconds 
========================================================================
Received Import Request.
  Time since last request: 0.000021 seconds.
  path: Assets/Models/Space Kit/FBX format/corridor_split.fbx
  artifactKey: Guid(58e21dac1d05920418679b1cc084f0d5) Importer(815301076,1909f56bfc062723c751e8b465ee728b)
Start importing Assets/Models/Space Kit/FBX format/corridor_split.fbx using Guid(58e21dac1d05920418679b1cc084f0d5) Importer(815301076,1909f56bfc062723c751e8b465ee728b)  -> (artifact id: 'be74a591db67f84dbae95730bab96471') in 0.030897 seconds 
========================================================================
Received Import Request.
  Time since last request: 0.000041 seconds.
  path: Assets/Models/Space Kit/FBX format/craft_speederC.fbx
  artifactKey: Guid(aa6d588fb8a8013428780daa1fed39b2) Importer(815301076,1909f56bfc062723c751e8b465ee728b)
Start importing Assets/Models/Space Kit/FBX format/craft_speederC.fbx using Guid(aa6d588fb8a8013428780daa1fed39b2) Importer(815301076,1909f56bfc062723c751e8b465ee728b)  -> (artifact id: 'e0b917ea2762109228e4f7f5877ec785') in 0.033877 seconds 
========================================================================
Received Import Request.
  Time since last request: 0.000018 seconds.
  path: Assets/Models/Commercial City Kit/FBX format/flower_purpleA.fbx
  artifactKey: Guid(a5c5ce9a91893494ab73d7a0888b0533) Importer(815301076,1909f56bfc062723c751e8b465ee728b)
Start importing Assets/Models/Commercial City Kit/FBX format/flower_purpleA.fbx using Guid(a5c5ce9a91893494ab73d7a0888b0533) Importer(815301076,1909f56bfc062723c751e8b465ee728b)  -> (artifact id: '128437fcd9a665eaa7ffeda9793e188e') in 0.026540 seconds 
========================================================================
Received Import Request.
  Time since last request: 0.000031 seconds.
  path: Assets/Models/Space Kit/FBX format/corridor_open.fbx
  artifactKey: Guid(80cb85225ae1df447b75747615a93b07) Importer(815301076,1909f56bfc062723c751e8b465ee728b)
Start importing Assets/Models/Space Kit/FBX format/corridor_open.fbx using Guid(80cb85225ae1df447b75747615a93b07) Importer(815301076,1909f56bfc062723c751e8b465ee728b)  -> (artifact id: '3bde30e8e5864874ab39324652cd2a11') in 0.027319 seconds 
========================================================================
Received Import Request.
  Time since last request: 0.000025 seconds.
  path: Assets/Models/Space Kit/FBX format/corridor_wallCorner.fbx
  artifactKey: Guid(b4209412875a9fe47934446608781d47) Importer(815301076,1909f56bfc062723c751e8b465ee728b)
Start importing Assets/Models/Space Kit/FBX format/corridor_wallCorner.fbx using Guid(b4209412875a9fe47934446608781d47) Importer(815301076,1909f56bfc062723c751e8b465ee728b)  -> (artifact id: '26fdac7c2ad9d845eec4430e0185401c') in 0.032760 seconds 
========================================================================
Received Import Request.
  Time since last request: 0.000025 seconds.
  path: Assets/Models/Space Kit/FBX format/desk_computerScreen.fbx
  artifactKey: Guid(f2708cca6115ae04f97e3c67eb31bd7c) Importer(815301076,1909f56bfc062723c751e8b465ee728b)
Start importing Assets/Models/Space Kit/FBX format/desk_computerScreen.fbx using Guid(f2708cca6115ae04f97e3c67eb31bd7c) Importer(815301076,1909f56bfc062723c751e8b465ee728b)  -> (artifact id: '129bf20776c6ecf46f955de51883e685') in 0.029276 seconds 
========================================================================
Received Import Request.
  Time since last request: 0.000020 seconds.
  path: Assets/Models/Commercial City Kit/FBX format/flower_redA.fbx
  artifactKey: Guid(8110d60547edf484aa289abc63602ecc) Importer(815301076,1909f56bfc062723c751e8b465ee728b)
Start importing Assets/Models/Commercial City Kit/FBX format/flower_redA.fbx using Guid(8110d60547edf484aa289abc63602ecc) Importer(815301076,1909f56bfc062723c751e8b465ee728b)  -> (artifact id: 'dbebd5494282df8699151df5561d0dc3') in 0.023075 seconds 
========================================================================
Received Import Request.
  Time since last request: 0.000025 seconds.
  path: Assets/Models/Commercial City Kit/FBX format/flower_purpleB.fbx
  artifactKey: Guid(0170ad90bd9abd1479e80f6e6c5f3c47) Importer(815301076,1909f56bfc062723c751e8b465ee728b)
Start importing Assets/Models/Commercial City Kit/FBX format/flower_purpleB.fbx using Guid(0170ad90bd9abd1479e80f6e6c5f3c47) Importer(815301076,1909f56bfc062723c751e8b465ee728b)  -> (artifact id: '498fac05b0d28b4611069fd333b6ae88') in 0.024965 seconds 
========================================================================
Received Import Request.
  Time since last request: 0.000030 seconds.
  path: Assets/Models/Commercial City Kit/FBX format/flower_yellowC.fbx
  artifactKey: Guid(f884257f6b69b214fa1c69259aab907e) Importer(815301076,1909f56bfc062723c751e8b465ee728b)
Start importing Assets/Models/Commercial City Kit/FBX format/flower_yellowC.fbx using Guid(f884257f6b69b214fa1c69259aab907e) Importer(815301076,1909f56bfc062723c751e8b465ee728b)  -> (artifact id: '11539b2910df0970e893090a303c0d8a') in 0.029577 seconds 
========================================================================
Received Import Request.
  Time since last request: 0.000024 seconds.
  path: Assets/Models/Space Kit/FBX format/desk_computer.fbx
  artifactKey: Guid(a02502e50008df04fbca3d20f2f2e0ac) Importer(815301076,1909f56bfc062723c751e8b465ee728b)
Start importing Assets/Models/Space Kit/FBX format/desk_computer.fbx using Guid(a02502e50008df04fbca3d20f2f2e0ac) Importer(815301076,1909f56bfc062723c751e8b465ee728b)  -> (artifact id: '8cc5f7bfe94d9c705ea24d27ecfe762a') in 0.030405 seconds 
========================================================================
Received Import Request.
  Time since last request: 0.000044 seconds.
  path: Assets/Models/Space Kit/FBX format/desk_chair.fbx
  artifactKey: Guid(0eb8998a7fcde2c4ab0395d9339da130) Importer(815301076,1909f56bfc062723c751e8b465ee728b)
Start importing Assets/Models/Space Kit/FBX format/desk_chair.fbx using Guid(0eb8998a7fcde2c4ab0395d9339da130) Importer(815301076,1909f56bfc062723c751e8b465ee728b)  -> (artifact id: '3ee5d49eaba21e634dca5ef44e4fd0be') in 0.029360 seconds 
========================================================================
Received Import Request.
  Time since last request: 0.000018 seconds.
  path: Assets/Models/Commercial City Kit/FBX format/flower_purpleC.fbx
  artifactKey: Guid(060b2b6b149a3384c958644b34a30c3b) Importer(815301076,1909f56bfc062723c751e8b465ee728b)
Start importing Assets/Models/Commercial City Kit/FBX format/flower_purpleC.fbx using Guid(060b2b6b149a3384c958644b34a30c3b) Importer(815301076,1909f56bfc062723c751e8b465ee728b)  -> (artifact id: 'ae41d18b1e44daa24bc93287e2d39832') in 0.029200 seconds 
========================================================================
Received Import Request.
  Time since last request: 0.157920 seconds.
  path: Assets/Models/Commercial City Kit/FBX format/low_buildingJ.fbx
  artifactKey: Guid(f86d073e04f91b441bd2478aee11f714) Importer(815301076,1909f56bfc062723c751e8b465ee728b)
Start importing Assets/Models/Commercial City Kit/FBX format/low_buildingJ.fbx using Guid(f86d073e04f91b441bd2478aee11f714) Importer(815301076,1909f56bfc062723c751e8b465ee728b)  -> (artifact id: 'bf383ddfef948fcaca20f719ff2f7153') in 0.026247 seconds 
========================================================================
Received Import Request.
  Time since last request: 0.000026 seconds.
  path: Assets/Models/Space Kit/FBX format/monorail_trackCornerSmall.fbx
  artifactKey: Guid(25e3c4c5b58dd1d4b9f43d7823f5b16e) Importer(815301076,1909f56bfc062723c751e8b465ee728b)
Start importing Assets/Models/Space Kit/FBX format/monorail_trackCornerSmall.fbx using Guid(25e3c4c5b58dd1d4b9f43d7823f5b16e) Importer(815301076,1909f56bfc062723c751e8b465ee728b)  -> (artifact id: '0df0de94646be7c97f087e3a89c8d158') in 0.029747 seconds 
========================================================================
Received Import Request.
  Time since last request: 0.000024 seconds.
  path: Assets/Models/Space Kit/FBX format/monorail_trackSlope.fbx
  artifactKey: Guid(ae6e26f422cc19f429c5b534b02b12db) Importer(815301076,1909f56bfc062723c751e8b465ee728b)
Start importing Assets/Models/Space Kit/FBX format/monorail_trackSlope.fbx using Guid(ae6e26f422cc19f429c5b534b02b12db) Importer(815301076,1909f56bfc062723c751e8b465ee728b)  -> (artifact id: 'd3df55e4b6008bdd2c4e01c5b1b47164') in 0.025743 seconds 
========================================================================
Received Import Request.
  Time since last request: 0.000028 seconds.
  path: Assets/Models/Space Kit/FBX format/machine_wireless.fbx
  artifactKey: Guid(c1381887ef218c54b9914ddc46b2b9fe) Importer(815301076,1909f56bfc062723c751e8b465ee728b)
Start importing Assets/Models/Space Kit/FBX format/machine_wireless.fbx using Guid(c1381887ef218c54b9914ddc46b2b9fe) Importer(815301076,1909f56bfc062723c751e8b465ee728b)  -> (artifact id: '10752b0824ae79a40d450f5689db5697') in 0.031980 seconds 
========================================================================
Received Import Request.
  Time since last request: 0.000032 seconds.
  path: Assets/Models/Commercial City Kit/FBX format/low_wideB.fbx
  artifactKey: Guid(9fb9ed8fda358b141a13e9af55f02173) Importer(815301076,1909f56bfc062723c751e8b465ee728b)
Start importing Assets/Models/Commercial City Kit/FBX format/low_wideB.fbx using Guid(9fb9ed8fda358b141a13e9af55f02173) Importer(815301076,1909f56bfc062723c751e8b465ee728b)  -> (artifact id: '910c0b0ea1a71bb79ecd3d5a8e3934c4') in 0.026741 seconds 
========================================================================
Received Import Request.
  Time since last request: 0.000059 seconds.
  path: Assets/Models/Space Kit/FBX format/machine_generatorLarge.fbx
  artifactKey: Guid(71e837e4cfd812440ac4ccc37b264332) Importer(815301076,1909f56bfc062723c751e8b465ee728b)
Start importing Assets/Models/Space Kit/FBX format/machine_generatorLarge.fbx using Guid(71e837e4cfd812440ac4ccc37b264332) Importer(815301076,1909f56bfc062723c751e8b465ee728b)  -> (artifact id: '037e3a8ca8b9998d5ae350611dfbd1ff') in 0.031623 seconds 
========================================================================
Received Import Request.
  Time since last request: 0.000020 seconds.
  path: Assets/Models/Space Kit/FBX format/meteor_half.fbx
  artifactKey: Guid(22c2d9c51d0f64548a3b3355ae415380) Importer(815301076,1909f56bfc062723c751e8b465ee728b)
Start importing Assets/Models/Space Kit/FBX format/meteor_half.fbx using Guid(22c2d9c51d0f64548a3b3355ae415380) Importer(815301076,1909f56bfc062723c751e8b465ee728b)  -> (artifact id: '7c4364695c77dcb2b0fcbc4d3e817912') in 0.022003 seconds 
========================================================================
Received Import Request.
  Time since last request: 0.000025 seconds.
  path: Assets/Models/Space Kit/FBX format/monorail_trainFront.fbx
  artifactKey: Guid(475c9d546fc7e304890a9bfd51ccce44) Importer(815301076,1909f56bfc062723c751e8b465ee728b)
Start importing Assets/Models/Space Kit/FBX format/monorail_trainFront.fbx using Guid(475c9d546fc7e304890a9bfd51ccce44) Importer(815301076,1909f56bfc062723c751e8b465ee728b)  -> (artifact id: 'f1b16c5f64276414ea7dbf32186342cc') in 0.029564 seconds 
========================================================================
Received Import Request.
  Time since last request: 0.000025 seconds.
  path: Assets/Models/Commercial City Kit/FBX format/low_wideA.fbx
  artifactKey: Guid(2d8fa3d7fcc201d479f759cb708a5f17) Importer(815301076,1909f56bfc062723c751e8b465ee728b)
Start importing Assets/Models/Commercial City Kit/FBX format/low_wideA.fbx using Guid(2d8fa3d7fcc201d479f759cb708a5f17) Importer(815301076,1909f56bfc062723c751e8b465ee728b)  -> (artifact id: 'f2cbd6169553eb244b544ffc524cb8c6') in 0.024408 seconds 
========================================================================
Received Import Request.
  Time since last request: 0.000027 seconds.
  path: Assets/Models/Space Kit/FBX format/monorail_trainBox.fbx
  artifactKey: Guid(db89dc6b66831fa45a68ab5825aef365) Importer(815301076,1909f56bfc062723c751e8b465ee728b)
Start importing Assets/Models/Space Kit/FBX format/monorail_trainBox.fbx using Guid(db89dc6b66831fa45a68ab5825aef365) Importer(815301076,1909f56bfc062723c751e8b465ee728b)  -> (artifact id: '50c0e6430ee0f3377221396050a851dd') in 0.029794 seconds 
========================================================================
Received Import Request.
  Time since last request: 0.000044 seconds.
  path: Assets/Models/Space Kit/FBX format/meteor.fbx
  artifactKey: Guid(be798f4d58e4b7c4290b5687399c4b02) Importer(815301076,1909f56bfc062723c751e8b465ee728b)
Start importing Assets/Models/Space Kit/FBX format/meteor.fbx using Guid(be798f4d58e4b7c4290b5687399c4b02) Importer(815301076,1909f56bfc062723c751e8b465ee728b)  -> (artifact id: '18aff84c0415343f56c33ca3437b659d') in 0.022231 seconds 
========================================================================
Received Import Request.
  Time since last request: 0.000021 seconds.
  path: Assets/Models/Commercial City Kit/FBX format/low_buildingN.fbx
  artifactKey: Guid(f334ea4e9e0ac6245b5ea271993d0620) Importer(815301076,1909f56bfc062723c751e8b465ee728b)
Start importing Assets/Models/Commercial City Kit/FBX format/low_buildingN.fbx using Guid(f334ea4e9e0ac6245b5ea271993d0620) Importer(815301076,1909f56bfc062723c751e8b465ee728b)  -> (artifact id: '6cb6299159f2270fd7b0efa5e07a1e10') in 0.028378 seconds 
========================================================================
Received Import Request.
  Time since last request: 0.000036 seconds.
  path: Assets/Models/Space Kit/FBX format/pipe_cornerDiagonal.fbx
  artifactKey: Guid(a3186b7597597054f8df86531537d49c) Importer(815301076,1909f56bfc062723c751e8b465ee728b)
Start importing Assets/Models/Space Kit/FBX format/pipe_cornerDiagonal.fbx using Guid(a3186b7597597054f8df86531537d49c) Importer(815301076,1909f56bfc062723c751e8b465ee728b)  -> (artifact id: '7479a43137b69cc0ab6801c7fa61d36f') in 0.028578 seconds 
========================================================================
Received Import Request.
  Time since last request: 0.083574 seconds.
  path: Assets/Models/Space Kit/FBX format/pipe_cornerRound.fbx
  artifactKey: Guid(2c3344b7c10d60345895c9194ed98388) Importer(815301076,1909f56bfc062723c751e8b465ee728b)
Start importing Assets/Models/Space Kit/FBX format/pipe_cornerRound.fbx using Guid(2c3344b7c10d60345895c9194ed98388) Importer(815301076,1909f56bfc062723c751e8b465ee728b)  -> (artifact id: 'c326658d8c2f417345b7671f821570cb') in 0.026907 seconds 
========================================================================
Received Import Request.
  Time since last request: 0.000021 seconds.
  path: Assets/Models/Space Kit/FBX format/pipe_ringSupport.fbx
  artifactKey: Guid(83b8116d1d7f3664084f9ac142481c5c) Importer(815301076,1909f56bfc062723c751e8b465ee728b)
Start importing Assets/Models/Space Kit/FBX format/pipe_ringSupport.fbx using Guid(83b8116d1d7f3664084f9ac142481c5c) Importer(815301076,1909f56bfc062723c751e8b465ee728b)  -> (artifact id: 'eddd244400730bad164fcd86e6331e97') in 0.032325 seconds 
========================================================================
Received Import Request.
  Time since last request: 0.000029 seconds.
  path: Assets/Models/Space Kit/FBX format/pipe_ring.fbx
  artifactKey: Guid(d3969f50ed7eacc40b1469a67f6a15d4) Importer(815301076,1909f56bfc062723c751e8b465ee728b)
Start importing Assets/Models/Space Kit/FBX format/pipe_ring.fbx using Guid(d3969f50ed7eacc40b1469a67f6a15d4) Importer(815301076,1909f56bfc062723c751e8b465ee728b)  -> (artifact id: '69ff2992e49c5c2477f4c2dd1474ea0a') in 0.035338 seconds 
========================================================================
Received Import Request.
  Time since last request: 0.000028 seconds.
  path: Assets/Models/Space Kit/FBX format/pipe_open.fbx
  artifactKey: Guid(7c67ca83277078240931842a696a6761) Importer(815301076,1909f56bfc062723c751e8b465ee728b)
Start importing Assets/Models/Space Kit/FBX format/pipe_open.fbx using Guid(7c67ca83277078240931842a696a6761) Importer(815301076,1909f56bfc062723c751e8b465ee728b)  -> (artifact id: 'c4bbf7ef4f0e17723decdb335db4aaf7') in 0.026266 seconds 
========================================================================
Received Import Request.
  Time since last request: 0.000031 seconds.
  path: Assets/Models/Space Kit/FBX format/pipe_cross.fbx
  artifactKey: Guid(86e560d78f623d74e9d51958507462e9) Importer(815301076,1909f56bfc062723c751e8b465ee728b)
Start importing Assets/Models/Space Kit/FBX format/pipe_cross.fbx using Guid(86e560d78f623d74e9d51958507462e9) Importer(815301076,1909f56bfc062723c751e8b465ee728b)  -> (artifact id: '725232969a7fb8be7a1a49061d25f48f') in 0.030525 seconds 
========================================================================
Received Import Request.
  Time since last request: 0.000038 seconds.
  path: Assets/Models/Space Kit/FBX format/pipe_ringHigh.fbx
  artifactKey: Guid(1e35667b1dbc54343821eba25ccd6aed) Importer(815301076,1909f56bfc062723c751e8b465ee728b)
Start importing Assets/Models/Space Kit/FBX format/pipe_ringHigh.fbx using Guid(1e35667b1dbc54343821eba25ccd6aed) Importer(815301076,1909f56bfc062723c751e8b465ee728b)  -> (artifact id: 'a78c3102b25fbe53ce540823d891db42') in 0.035096 seconds 
========================================================================
Received Import Request.
  Time since last request: 0.970340 seconds.
  path: Assets/RPG Swords/sword01.FBX
  artifactKey: Guid(dd0682cd55d7f8342b8026ebb1cfc4a5) Importer(815301076,1909f56bfc062723c751e8b465ee728b)
Start importing Assets/RPG Swords/sword01.FBX using Guid(dd0682cd55d7f8342b8026ebb1cfc4a5) Importer(815301076,1909f56bfc062723c751e8b465ee728b)  -> (artifact id: '0bdf054d2734ea3c39e9e55d949d757b') in 0.019794 seconds 
Editor requested this worker to shutdown with reason: Scaling down because of idle timeout
AssetImportWorker is now disconnected from the server
Process exiting
Exiting without the bug reporter. Application will terminate with return code 0