Using pre-set license
Built from '2021.3/release' branch; Version is '2021.3.12f1 (8af3c3e441b1) revision 9106371'; Using compiler version '192829333'; Build Type 'Release'
OS: 'Windows 11  (10.0.22000) 64bit Professional' Language: 'en' Physical Memory: 16085 MB
BatchMode: 1, IsHumanControllingUs: 0, StartBugReporterOnCrash: 0, Is64bit: 1, IsPro: 1

COMMAND LINE ARGUMENTS:
C:\Program Files\Unity\Hub\Editor\2021.3.12f1\Editor\Unity.exe
-adb2
-batchMode
-noUpm
-name
AssetImportWorker6
-projectPath
C:/Users/ruppe/source/repos/BlastToThePast
-logFile
Logs/AssetImportWorker6.log
-srvPort
52910
Successfully changed project path to: C:/Users/ruppe/source/repos/BlastToThePast
C:/Users/ruppe/source/repos/BlastToThePast
[UnityMemory] Configuration Parameters - Can be set up in boot.config
    "memorysetup-bucket-allocator-granularity=16"
    "memorysetup-bucket-allocator-bucket-count=8"
    "memorysetup-bucket-allocator-block-size=33554432"
    "memorysetup-bucket-allocator-block-count=8"
    "memorysetup-main-allocator-block-size=16777216"
    "memorysetup-thread-allocator-block-size=16777216"
    "memorysetup-gfx-main-allocator-block-size=16777216"
    "memorysetup-gfx-thread-allocator-block-size=16777216"
    "memorysetup-cache-allocator-block-size=4194304"
    "memorysetup-typetree-allocator-block-size=2097152"
    "memorysetup-profiler-bucket-allocator-granularity=16"
    "memorysetup-profiler-bucket-allocator-bucket-count=8"
    "memorysetup-profiler-bucket-allocator-block-size=33554432"
    "memorysetup-profiler-bucket-allocator-block-count=8"
    "memorysetup-profiler-allocator-block-size=16777216"
    "memorysetup-profiler-editor-allocator-block-size=1048576"
    "memorysetup-temp-allocator-size-main=16777216"
    "memorysetup-job-temp-allocator-block-size=2097152"
    "memorysetup-job-temp-allocator-block-size-background=1048576"
    "memorysetup-job-temp-allocator-reduction-small-platforms=262144"
    "memorysetup-temp-allocator-size-background-worker=32768"
    "memorysetup-temp-allocator-size-job-worker=262144"
    "memorysetup-temp-allocator-size-preload-manager=33554432"
    "memorysetup-temp-allocator-size-nav-mesh-worker=65536"
    "memorysetup-temp-allocator-size-audio-worker=65536"
    "memorysetup-temp-allocator-size-cloud-worker=32768"
    "memorysetup-temp-allocator-size-gi-baking-worker=262144"
    "memorysetup-temp-allocator-size-gfx=262144"
Refreshing native plugins compatible for Editor in 90.86 ms, found 3 plugins.
Preloading 0 native plugins for Editor in 0.00 ms.
Initialize engine version: 2021.3.12f1 (8af3c3e441b1)
[Subsystems] Discovering subsystems at path C:/Program Files/Unity/Hub/Editor/2021.3.12f1/Editor/Data/Resources/UnitySubsystems
[Subsystems] Discovering subsystems at path C:/Users/ruppe/source/repos/BlastToThePast/Assets
GfxDevice: creating device client; threaded=0; jobified=0
Direct3D:
    Version:  Direct3D 11.0 [level 11.1]
    Renderer: NVIDIA GeForce RTX 3080 Laptop GPU (ID=0x249c)
    Vendor:   NVIDIA
    VRAM:     16191 MB
    Driver:   31.0.15.2647
Initialize mono
Mono path[0] = 'C:/Program Files/Unity/Hub/Editor/2021.3.12f1/Editor/Data/Managed'
Mono path[1] = 'C:/Program Files/Unity/Hub/Editor/2021.3.12f1/Editor/Data/MonoBleedingEdge/lib/mono/unityjit-win32'
Mono config path = 'C:/Program Files/Unity/Hub/Editor/2021.3.12f1/Editor/Data/MonoBleedingEdge/etc'
Using monoOptions --debugger-agent=transport=dt_socket,embedding=1,server=y,suspend=n,address=127.0.0.1:56240
Begin MonoManager ReloadAssembly
Registering precompiled unity dll's ...
Register platform support module: C:/Program Files/Unity/Hub/Editor/2021.3.12f1/Editor/Data/PlaybackEngines/WindowsStandaloneSupport/UnityEditor.WindowsStandalone.Extensions.dll
Register platform support module: C:/Program Files/Unity/Hub/Editor/2021.3.12f1/Editor/Data/PlaybackEngines/MetroSupport/UnityEditor.UWP.Extensions.dll
Registered in 0.003382 seconds.
Native extension for UWP target not found
Native extension for WindowsStandalone target not found
Refreshing native plugins compatible for Editor in 80.86 ms, found 3 plugins.
Preloading 0 native plugins for Editor in 0.00 ms.
Mono: successfully reloaded assembly
- Completed reload, in  0.528 seconds
Domain Reload Profiling:
	ReloadAssembly (528ms)
		BeginReloadAssembly (65ms)
			ExecutionOrderSort (0ms)
			DisableScriptedObjects (0ms)
			BackupInstance (0ms)
			ReleaseScriptingObjects (0ms)
			CreateAndSetChildDomain (1ms)
		EndReloadAssembly (378ms)
			LoadAssemblies (63ms)
			RebuildTransferFunctionScriptingTraits (0ms)
			SetupTypeCache (82ms)
			ReleaseScriptCaches (0ms)
			RebuildScriptCaches (21ms)
			SetupLoadedEditorAssemblies (235ms)
				LogAssemblyErrors (0ms)
				InitializePlatformSupportModulesInManaged (7ms)
				SetLoadedEditorAssemblies (0ms)
				RefreshPlugins (81ms)
				BeforeProcessingInitializeOnLoad (1ms)
				ProcessInitializeOnLoadAttributes (109ms)
				ProcessInitializeOnLoadMethodAttributes (37ms)
				AfterProcessingInitializeOnLoad (0ms)
				EditorAssembliesLoaded (0ms)
			ExecutionOrderSort2 (0ms)
			AwakeInstancesAfterBackupRestoration (0ms)
Platform modules already initialized, skipping
Registering precompiled user dll's ...
Registered in 0.004013 seconds.
Begin MonoManager ReloadAssembly
Symbol file LoadedFromMemory doesn't match image C:\Users\ruppe\source\repos\BlastToThePast\Library\PackageCache\com.unity.visualscripting@1.7.8\Editor\VisualScripting.Core\Dependencies\YamlDotNet\Unity.VisualScripting.YamlDotNet.dll
Symbol file LoadedFromMemory doesn't match image C:\Users\ruppe\source\repos\BlastToThePast\Library\PackageCache\com.unity.visualscripting@1.7.8\Editor\VisualScripting.Core\Dependencies\DotNetZip\Unity.VisualScripting.IonicZip.dll
Native extension for UWP target not found
Native extension for WindowsStandalone target not found
Refreshing native plugins compatible for Editor in 0.62 ms, found 3 plugins.
Preloading 0 native plugins for Editor in 0.00 ms.
Mono: successfully reloaded assembly
- Completed reload, in  0.851 seconds
Domain Reload Profiling:
	ReloadAssembly (852ms)
		BeginReloadAssembly (85ms)
			ExecutionOrderSort (0ms)
			DisableScriptedObjects (4ms)
			BackupInstance (0ms)
			ReleaseScriptingObjects (0ms)
			CreateAndSetChildDomain (17ms)
		EndReloadAssembly (674ms)
			LoadAssemblies (62ms)
			RebuildTransferFunctionScriptingTraits (0ms)
			SetupTypeCache (207ms)
			ReleaseScriptCaches (1ms)
			RebuildScriptCaches (42ms)
			SetupLoadedEditorAssemblies (327ms)
				LogAssemblyErrors (0ms)
				InitializePlatformSupportModulesInManaged (4ms)
				SetLoadedEditorAssemblies (0ms)
				RefreshPlugins (1ms)
				BeforeProcessingInitializeOnLoad (77ms)
				ProcessInitializeOnLoadAttributes (211ms)
				ProcessInitializeOnLoadMethodAttributes (28ms)
				AfterProcessingInitializeOnLoad (5ms)
				EditorAssembliesLoaded (0ms)
			ExecutionOrderSort2 (0ms)
			AwakeInstancesAfterBackupRestoration (5ms)
Platform modules already initialized, skipping
========================================================================
Worker process is ready to serve import requests
Launched and connected shader compiler UnityShaderCompiler.exe after 0.03 seconds
Refreshing native plugins compatible for Editor in 0.71 ms, found 3 plugins.
Preloading 0 native plugins for Editor in 0.00 ms.
Unloading 3476 Unused Serialized files (Serialized files now loaded: 0)
Unloading 27 unused Assets / (113.7 KB). Loaded Objects now: 3936.
Memory consumption went from 125.5 MB to 125.4 MB.
Total: 3.093500 ms (FindLiveObjects: 0.251600 ms CreateObjectMapping: 0.090800 ms MarkObjects: 2.650400 ms  DeleteObjects: 0.099300 ms)

AssetImportParameters requested are different than current active one (requested -> active):
  custom:video-decoder-ogg-theora: a1e56fd34408186e4bbccfd4996cb3dc -> 
  custom:container-muxer-webm: aa71ff27fc2769a1b78a27578f13a17b -> 
  custom:container-demuxer-webm: 4f35f7cbe854078d1ac9338744f61a02 -> 
  custom:video-encoder-webm-vp8: eb34c28f22e8b96e1ab97ce403110664 -> 
  custom:audio-encoder-webm-vorbis: bf7c407c2cedff20999df2af8eb42d56 -> 
  custom:framework-win-MediaFoundation: 216162199b28c13a410421893ffa2e32 -> 
  custom:container-demuxer-ogg: 62fdf1f143b41e24485cea50d1cbac27 -> 
  custom:video-decoder-webm-vp8: 9c59270c3fd7afecdb556c50c9e8de78 -> 
  custom:audio-decoder-ogg-vorbis: bf7c407c2cedff20999df2af8eb42d56 -> 
========================================================================
Received Import Request.
  Time since last request: 512989.550352 seconds.
  path: Assets/Models/Space Kit/FBX format/craft_miner.fbx
  artifactKey: Guid(2a8fe82432b23a7488e10762579a9875) Importer(815301076,1909f56bfc062723c751e8b465ee728b)
Start importing Assets/Models/Space Kit/FBX format/craft_miner.fbx using Guid(2a8fe82432b23a7488e10762579a9875) Importer(815301076,1909f56bfc062723c751e8b465ee728b)  -> (artifact id: '4aa3044c18cc7ec10f37c6dbfcffb6a2') in 0.141891 seconds 
========================================================================
Received Import Request.
  Time since last request: 3.716864 seconds.
  path: Assets/Models/Space Kit/FBX format/desk_chairStool.fbx
  artifactKey: Guid(98abfde78b838594e835bb8a3039d74b) Importer(815301076,1909f56bfc062723c751e8b465ee728b)
Start importing Assets/Models/Space Kit/FBX format/desk_chairStool.fbx using Guid(98abfde78b838594e835bb8a3039d74b) Importer(815301076,1909f56bfc062723c751e8b465ee728b)  -> (artifact id: '7bf2be749883ebbe073fb22977da508d') in 0.031062 seconds 
========================================================================
Received Import Request.
  Time since last request: 2.521196 seconds.
  path: Assets/Models/Space Kit/FBX format/hangar_largeB.fbx
  artifactKey: Guid(8a7542c27ec1a3d4d8dc6c75992076ee) Importer(815301076,1909f56bfc062723c751e8b465ee728b)
Start importing Assets/Models/Space Kit/FBX format/hangar_largeB.fbx using Guid(8a7542c27ec1a3d4d8dc6c75992076ee) Importer(815301076,1909f56bfc062723c751e8b465ee728b)  -> (artifact id: '7f164f1ed1bdbca98f8ba271f83f9ed4') in 0.031304 seconds 
========================================================================
Received Import Request.
  Time since last request: 4.005205 seconds.
  path: Assets/Models/Space Kit/FBX format/monorail_trainBox.fbx
  artifactKey: Guid(db89dc6b66831fa45a68ab5825aef365) Importer(815301076,1909f56bfc062723c751e8b465ee728b)
Start importing Assets/Models/Space Kit/FBX format/monorail_trainBox.fbx using Guid(db89dc6b66831fa45a68ab5825aef365) Importer(815301076,1909f56bfc062723c751e8b465ee728b)  -> (artifact id: '3f334cc8a61af095d942f9eff98ed3b3') in 0.023040 seconds 
========================================================================
Received Import Request.
  Time since last request: 0.022075 seconds.
  path: Assets/Models/Space Kit/FBX format/monorail_trainFront.fbx
  artifactKey: Guid(475c9d546fc7e304890a9bfd51ccce44) Importer(815301076,1909f56bfc062723c751e8b465ee728b)
Start importing Assets/Models/Space Kit/FBX format/monorail_trainFront.fbx using Guid(475c9d546fc7e304890a9bfd51ccce44) Importer(815301076,1909f56bfc062723c751e8b465ee728b)  -> (artifact id: 'f80f88df67da3469fb67c8816635a5f3') in 0.023173 seconds 
========================================================================
Received Import Request.
  Time since last request: 4.597555 seconds.
  path: Assets/Models/Space Kit/FBX format/pipe_rampLarge.fbx
  artifactKey: Guid(50cd0b0c719766f4aa8bf2b159b31bfb) Importer(815301076,1909f56bfc062723c751e8b465ee728b)
Start importing Assets/Models/Space Kit/FBX format/pipe_rampLarge.fbx using Guid(50cd0b0c719766f4aa8bf2b159b31bfb) Importer(815301076,1909f56bfc062723c751e8b465ee728b)  -> (artifact id: '9229c476fd4597fb0eb73e7acce29414') in 0.048060 seconds 
========================================================================
Received Import Request.
  Time since last request: 0.447627 seconds.
  path: Assets/Models/Space Kit/FBX format/pipe_split.fbx
  artifactKey: Guid(ef7a5cc409e7df446835a371a7032917) Importer(815301076,1909f56bfc062723c751e8b465ee728b)
Start importing Assets/Models/Space Kit/FBX format/pipe_split.fbx using Guid(ef7a5cc409e7df446835a371a7032917) Importer(815301076,1909f56bfc062723c751e8b465ee728b)  -> (artifact id: '7d7b5c9693e09d29f4522f14f4a4150c') in 0.022825 seconds 
========================================================================
Received Import Request.
  Time since last request: 0.481212 seconds.
  path: Assets/Models/Space Kit/FBX format/platform_end.fbx
  artifactKey: Guid(99cfb17580f1ac44285a52877f6901bc) Importer(815301076,1909f56bfc062723c751e8b465ee728b)
Start importing Assets/Models/Space Kit/FBX format/platform_end.fbx using Guid(99cfb17580f1ac44285a52877f6901bc) Importer(815301076,1909f56bfc062723c751e8b465ee728b)  -> (artifact id: '46ed33aeb325392ca25d3a4e8b2e5230') in 0.025587 seconds 
========================================================================
Received Import Request.
  Time since last request: 0.775783 seconds.
  path: Assets/Models/Space Kit/FBX format/platform_small.fbx
  artifactKey: Guid(7837cfac570eadd4996a4d5f96e4ad9a) Importer(815301076,1909f56bfc062723c751e8b465ee728b)
Start importing Assets/Models/Space Kit/FBX format/platform_small.fbx using Guid(7837cfac570eadd4996a4d5f96e4ad9a) Importer(815301076,1909f56bfc062723c751e8b465ee728b)  -> (artifact id: '538f70b89a7bc8bb3d993005e7e32ff6') in 0.021073 seconds 
========================================================================
Received Import Request.
  Time since last request: 0.373831 seconds.
  path: Assets/Models/Space Kit/FBX format/rock_crystals.fbx
  artifactKey: Guid(54bf9b58a50ceae4996453635df3c238) Importer(815301076,1909f56bfc062723c751e8b465ee728b)
Start importing Assets/Models/Space Kit/FBX format/rock_crystals.fbx using Guid(54bf9b58a50ceae4996453635df3c238) Importer(815301076,1909f56bfc062723c751e8b465ee728b)  -> (artifact id: '281c3edc02064c07a4899ed9a0af312e') in 0.021933 seconds 
========================================================================
Received Import Request.
  Time since last request: 0.019549 seconds.
  path: Assets/Models/Space Kit/FBX format/rock_largeB.fbx
  artifactKey: Guid(be674b993950c9240b96281e7c8f043f) Importer(815301076,1909f56bfc062723c751e8b465ee728b)
Start importing Assets/Models/Space Kit/FBX format/rock_largeB.fbx using Guid(be674b993950c9240b96281e7c8f043f) Importer(815301076,1909f56bfc062723c751e8b465ee728b)  -> (artifact id: '3b18d850def31b6a67df29cafd61a19a') in 0.021123 seconds 
========================================================================
Received Import Request.
  Time since last request: 0.393392 seconds.
  path: Assets/Models/Space Kit/FBX format/rocket_fuelB.fbx
  artifactKey: Guid(1ebb7c30d8b116443be430ecf869f8c1) Importer(815301076,1909f56bfc062723c751e8b465ee728b)
Start importing Assets/Models/Space Kit/FBX format/rocket_fuelB.fbx using Guid(1ebb7c30d8b116443be430ecf869f8c1) Importer(815301076,1909f56bfc062723c751e8b465ee728b)  -> (artifact id: 'eea27614882a33d15902a08221b9e5c9') in 0.018998 seconds 
========================================================================
Received Import Request.
  Time since last request: 0.364770 seconds.
  path: Assets/Models/Space Kit/FBX format/satelliteDish.fbx
  artifactKey: Guid(2d9db31b7969020449a79879efae4761) Importer(815301076,1909f56bfc062723c751e8b465ee728b)
Start importing Assets/Models/Space Kit/FBX format/satelliteDish.fbx using Guid(2d9db31b7969020449a79879efae4761) Importer(815301076,1909f56bfc062723c751e8b465ee728b)  -> (artifact id: '76019f5f746786d689f1bed473946b92') in 0.030085 seconds 
========================================================================
Received Import Request.
  Time since last request: 0.370687 seconds.
  path: Assets/Models/Space Kit/FBX format/structure.fbx
  artifactKey: Guid(d3f659f03e9c6cc4585f07efc7f088b6) Importer(815301076,1909f56bfc062723c751e8b465ee728b)
Start importing Assets/Models/Space Kit/FBX format/structure.fbx using Guid(d3f659f03e9c6cc4585f07efc7f088b6) Importer(815301076,1909f56bfc062723c751e8b465ee728b)  -> (artifact id: '2dc13d9fee8933efc59cbb831d147b3b') in 0.018420 seconds 
========================================================================
Received Import Request.
  Time since last request: 0.016562 seconds.
  path: Assets/Models/Space Kit/FBX format/supports_high.fbx
  artifactKey: Guid(5b1048236f2783a429d28fb0ed868bd1) Importer(815301076,1909f56bfc062723c751e8b465ee728b)
Start importing Assets/Models/Space Kit/FBX format/supports_high.fbx using Guid(5b1048236f2783a429d28fb0ed868bd1) Importer(815301076,1909f56bfc062723c751e8b465ee728b)  -> (artifact id: '83d4768165c75d257fe29bc8790fbb1d') in 0.022723 seconds 
========================================================================
Received Import Request.
  Time since last request: 0.360510 seconds.
  path: Assets/Models/Space Kit/FBX format/terrain_roadCorner.fbx
  artifactKey: Guid(355155ac486611c4d9a79aa8a34f49bf) Importer(815301076,1909f56bfc062723c751e8b465ee728b)
Start importing Assets/Models/Space Kit/FBX format/terrain_roadCorner.fbx using Guid(355155ac486611c4d9a79aa8a34f49bf) Importer(815301076,1909f56bfc062723c751e8b465ee728b)  -> (artifact id: '00ae52e0370c291e5a44ceac3d496f3e') in 0.018320 seconds 
Editor requested this worker to shutdown with reason: Scaling down because of idle timeout
AssetImportWorker is now disconnected from the server
Process exiting
Exiting without the bug reporter. Application will terminate with return code 0